[0.116s] Invoking command in '/home/barbe/ws_develop/viproHEAD5_viscotec_ros2/build/viprohead_viscotec_ros2': /usr/bin/cmake /home/barbe/ws_develop/viproHEAD5_viscotec_ros2 -DCMAKE_INSTALL_PREFIX=/home/barbe/ws_develop/viproHEAD5_viscotec_ros2/install/viprohead_viscotec_ros2
[0.139s] -- Found ament_cmake: 1.3.8 (/opt/ros/humble/share/ament_cmake/cmake)
[0.367s] -- Found hardware_interface: 2.40.0 (/opt/ros/humble/share/hardware_interface/cmake)
[0.405s] -- Found rosidl_generator_c: 3.1.5 (/opt/ros/humble/share/rosidl_generator_c/cmake)
[0.407s] -- Found rosidl_adapter: 3.1.5 (/opt/ros/humble/share/rosidl_adapter/cmake)
[0.416s] -- Found rosidl_generator_cpp: 3.1.5 (/opt/ros/humble/share/rosidl_generator_cpp/cmake)
[0.436s] -- Using all available rosidl_typesupport_c: rosidl_typesupport_fastrtps_c;rosidl_typesupport_introspection_c
[0.465s] -- Using all available rosidl_typesupport_cpp: rosidl_typesupport_fastrtps_cpp;rosidl_typesupport_introspection_cpp
[1.481s] -- Found rmw_implementation_cmake: 6.1.1 (/opt/ros/humble/share/rmw_implementation_cmake/cmake)
[1.486s] -- Found rmw_fastrtps_cpp: 6.2.6 (/opt/ros/humble/share/rmw_fastrtps_cpp/cmake)
[1.526s] -- Found TinyXML2 via Config file: TinyXML2_DIR-NOTFOUND
[1.542s] -- Found TinyXML2 via Config file: TinyXML2_DIR-NOTFOUND
[1.579s] -- Found TinyXML2 via Config file: TinyXML2_DIR-NOTFOUND
[1.591s] -- Found TinyXML2 via Config file: TinyXML2_DIR-NOTFOUND
[1.608s] -- Using RMW implementation 'rmw_fastrtps_cpp' as default
[1.830s] -- Found controller_interface: 2.40.0 (/opt/ros/humble/share/controller_interface/cmake)
[1.976s] [31mCMake Error at CMakeLists.txt:33 (target_compile_features):
[1.977s]   Cannot specify compile features for target "viprohead_viscotec_ros2" which
[1.977s]   is not built by this project.
[1.977s] 
[1.977s] [0m
[1.977s] [31mCMake Error at CMakeLists.txt:34 (target_include_directories):
[1.977s]   Cannot specify include directories for target "viprohead_viscotec_ros2"
[1.978s]   which is not built by this project.
[1.978s] 
[1.978s] [0m
[1.978s] [31mCMake Error at /opt/ros/humble/share/ament_cmake_target_dependencies/cmake/ament_target_dependencies.cmake:42 (message):
[1.978s]   ament_target_dependencies() the first argument must be a valid target name
[1.978s] Call Stack (most recent call first):
[1.978s]   CMakeLists.txt:39 (ament_target_dependencies)
[1.979s] 
[1.979s] [0m
[1.979s] -- Configuring incomplete, errors occurred!
[1.979s] See also "/home/barbe/ws_develop/viproHEAD5_viscotec_ros2/build/viprohead_viscotec_ros2/CMakeFiles/CMakeOutput.log".
[1.988s] Invoked command in '/home/barbe/ws_develop/viproHEAD5_viscotec_ros2/build/viprohead_viscotec_ros2' returned '1': /usr/bin/cmake /home/barbe/ws_develop/viproHEAD5_viscotec_ros2 -DCMAKE_INSTALL_PREFIX=/home/barbe/ws_develop/viproHEAD5_viscotec_ros2/install/viprohead_viscotec_ros2
