[0.103s] Invoking command in '/home/barbe/ws_develop/viproHEAD5_viscotec_ros2/build/viproHEAD5_viscotec_ros2': /usr/bin/cmake /home/barbe/ws_develop/viproHEAD5_viscotec_ros2 -DCMAKE_INSTALL_PREFIX=/home/barbe/ws_develop/viproHEAD5_viscotec_ros2/install/viproHEAD5_viscotec_ros2
[0.127s] -- Found ament_cmake: 1.3.8 (/opt/ros/humble/share/ament_cmake/cmake)
[0.344s] -- Found hardware_interface: 2.40.0 (/opt/ros/humble/share/hardware_interface/cmake)
[0.384s] -- Found rosidl_generator_c: 3.1.5 (/opt/ros/humble/share/rosidl_generator_c/cmake)
[0.387s] -- Found rosidl_adapter: 3.1.5 (/opt/ros/humble/share/rosidl_adapter/cmake)
[0.395s] -- Found rosidl_generator_cpp: 3.1.5 (/opt/ros/humble/share/rosidl_generator_cpp/cmake)
[0.411s] -- Using all available rosidl_typesupport_c: rosidl_typesupport_fastrtps_c;rosidl_typesupport_introspection_c
[0.440s] -- Using all available rosidl_typesupport_cpp: rosidl_typesupport_fastrtps_cpp;rosidl_typesupport_introspection_cpp
[1.381s] -- Found rmw_implementation_cmake: 6.1.1 (/opt/ros/humble/share/rmw_implementation_cmake/cmake)
[1.385s] -- Found rmw_fastrtps_cpp: 6.2.6 (/opt/ros/humble/share/rmw_fastrtps_cpp/cmake)
[1.425s] -- Found TinyXML2 via Config file: TinyXML2_DIR-NOTFOUND
[1.443s] -- Found TinyXML2 via Config file: TinyXML2_DIR-NOTFOUND
[1.478s] -- Found TinyXML2 via Config file: TinyXML2_DIR-NOTFOUND
[1.489s] -- Found TinyXML2 via Config file: TinyXML2_DIR-NOTFOUND
[1.505s] -- Using RMW implementation 'rmw_fastrtps_cpp' as default
[1.713s] -- Found controller_interface: 2.40.0 (/opt/ros/humble/share/controller_interface/cmake)
[2.166s] [31mCMake Error at /opt/ros/humble/share/pluginlib/cmake/pluginlib_export_plugin_description_file.cmake:84 (message):
[2.167s]   Given plugin description file
[2.167s]   '/home/barbe/ws_develop/viproHEAD5_viscotec_ros2/viproHEAD5_viscotec_ros2.xml'
[2.167s]   does not exist
[2.167s] Call Stack (most recent call first):
[2.167s]   CMakeLists.txt:49 (pluginlib_export_plugin_description_file)
[2.167s] 
[2.167s] [0m
[2.167s] -- Configuring incomplete, errors occurred!
[2.167s] See also "/home/barbe/ws_develop/viproHEAD5_viscotec_ros2/build/viproHEAD5_viscotec_ros2/CMakeFiles/CMakeOutput.log".
[2.176s] Invoked command in '/home/barbe/ws_develop/viproHEAD5_viscotec_ros2/build/viproHEAD5_viscotec_ros2' returned '1': /usr/bin/cmake /home/barbe/ws_develop/viproHEAD5_viscotec_ros2 -DCMAKE_INSTALL_PREFIX=/home/barbe/ws_develop/viproHEAD5_viscotec_ros2/install/viproHEAD5_viscotec_ros2
