[0.138s] Invoking command in '/home/barbe/ws_develop/viproHEAD5_viscotec_ros2/build/viprohead_viscotec_ros2': CMAKE_PREFIX_PATH=${CMAKE_PREFIX_PATH}:/home/barbe/ws_moveit2/install/moveit_configs_utils:/home/barbe/ws_moveit2/install/launch_param_builder:/opt/ros/humble /usr/bin/cmake --build /home/barbe/ws_develop/viproHEAD5_viscotec_ros2/build/viprohead_viscotec_ros2 -- -j20 -l20
[0.259s] [35m[1mConsolidate compiler generated dependencies of target viprohead_viscotec_ros2[0m
[0.307s] [ 33%] [32mBuilding CXX object CMakeFiles/viprohead_viscotec_ros2.dir/controllers/gpio_controller.cpp.o[0m
[3.432s] In file included from [01m[K/home/barbe/ws_develop/viproHEAD5_viscotec_ros2/controllers/gpio_controller.cpp:15[m[K:
[3.432s] [01m[K/home/barbe/ws_develop/viproHEAD5_viscotec_ros2/controllers/include/viprohead_viscotec_ros2/gpio_controller.hpp:37:3:[m[K [01;31m[Kerror: [m[K‘[01m[KVIPROHEAD_VISCOTEC_ROS2_PUBLIC[m[K’ does not name a type; did you mean ‘[01m[KVIPROHEAD_VISCOTEC_ROS2_BUILDING_DLL[m[K’?
[3.432s]    37 |   [01;31m[KVIPROHEAD_VISCOTEC_ROS2_PUBLIC[m[K
[3.432s]       |   [01;31m[K^~~~~~~~~~~~~~~~~~~~~~~~~~~~~~[m[K
[3.433s]       |   [32m[KVIPROHEAD_VISCOTEC_ROS2_BUILDING_DLL[m[K
[3.442s] [01m[K/home/barbe/ws_develop/viproHEAD5_viscotec_ros2/controllers/include/viprohead_viscotec_ros2/gpio_controller.hpp:40:3:[m[K [01;31m[Kerror: [m[K‘[01m[KVIPROHEAD_VISCOTEC_ROS2_PUBLIC[m[K’ does not name a type; did you mean ‘[01m[KVIPROHEAD_VISCOTEC_ROS2_BUILDING_DLL[m[K’?
[3.442s]    40 |   [01;31m[KVIPROHEAD_VISCOTEC_ROS2_PUBLIC[m[K
[3.442s]       |   [01;31m[K^~~~~~~~~~~~~~~~~~~~~~~~~~~~~~[m[K
[3.442s]       |   [32m[KVIPROHEAD_VISCOTEC_ROS2_BUILDING_DLL[m[K
[3.451s] [01m[K/home/barbe/ws_develop/viproHEAD5_viscotec_ros2/controllers/include/viprohead_viscotec_ros2/gpio_controller.hpp:43:3:[m[K [01;31m[Kerror: [m[K‘[01m[KVIPROHEAD_VISCOTEC_ROS2_PUBLIC[m[K’ does not name a type; did you mean ‘[01m[KVIPROHEAD_VISCOTEC_ROS2_BUILDING_DLL[m[K’?
[3.452s]    43 |   [01;31m[KVIPROHEAD_VISCOTEC_ROS2_PUBLIC[m[K
[3.452s]       |   [01;31m[K^~~~~~~~~~~~~~~~~~~~~~~~~~~~~~[m[K
[3.452s]       |   [32m[KVIPROHEAD_VISCOTEC_ROS2_BUILDING_DLL[m[K
[3.460s] [01m[K/home/barbe/ws_develop/viproHEAD5_viscotec_ros2/controllers/include/viprohead_viscotec_ros2/gpio_controller.hpp:47:3:[m[K [01;31m[Kerror: [m[K‘[01m[KVIPROHEAD_VISCOTEC_ROS2_PUBLIC[m[K’ does not name a type; did you mean ‘[01m[KVIPROHEAD_VISCOTEC_ROS2_BUILDING_DLL[m[K’?
[3.461s]    47 |   [01;31m[KVIPROHEAD_VISCOTEC_ROS2_PUBLIC[m[K
[3.461s]       |   [01;31m[K^~~~~~~~~~~~~~~~~~~~~~~~~~~~~~[m[K
[3.461s]       |   [32m[KVIPROHEAD_VISCOTEC_ROS2_BUILDING_DLL[m[K
[3.470s] [01m[K/home/barbe/ws_develop/viproHEAD5_viscotec_ros2/controllers/include/viprohead_viscotec_ros2/gpio_controller.hpp:50:3:[m[K [01;31m[Kerror: [m[K‘[01m[KVIPROHEAD_VISCOTEC_ROS2_PUBLIC[m[K’ does not name a type; did you mean ‘[01m[KVIPROHEAD_VISCOTEC_ROS2_BUILDING_DLL[m[K’?
[3.470s]    50 |   [01;31m[KVIPROHEAD_VISCOTEC_ROS2_PUBLIC[m[K
[3.470s]       |   [01;31m[K^~~~~~~~~~~~~~~~~~~~~~~~~~~~~~[m[K
[3.471s]       |   [32m[KVIPROHEAD_VISCOTEC_ROS2_BUILDING_DLL[m[K
[3.479s] [01m[K/home/barbe/ws_develop/viproHEAD5_viscotec_ros2/controllers/include/viprohead_viscotec_ros2/gpio_controller.hpp:53:3:[m[K [01;31m[Kerror: [m[K‘[01m[KVIPROHEAD_VISCOTEC_ROS2_PUBLIC[m[K’ does not name a type; did you mean ‘[01m[KVIPROHEAD_VISCOTEC_ROS2_BUILDING_DLL[m[K’?
[3.480s]    53 |   [01;31m[KVIPROHEAD_VISCOTEC_ROS2_PUBLIC[m[K
[3.480s]       |   [01;31m[K^~~~~~~~~~~~~~~~~~~~~~~~~~~~~~[m[K
[3.480s]       |   [32m[KVIPROHEAD_VISCOTEC_ROS2_BUILDING_DLL[m[K
[3.489s] [01m[K/home/barbe/ws_develop/viproHEAD5_viscotec_ros2/controllers/include/viprohead_viscotec_ros2/gpio_controller.hpp:56:3:[m[K [01;31m[Kerror: [m[K‘[01m[KVIPROHEAD_VISCOTEC_ROS2_PUBLIC[m[K’ does not name a type; did you mean ‘[01m[KVIPROHEAD_VISCOTEC_ROS2_BUILDING_DLL[m[K’?
[3.489s]    56 |   [01;31m[KVIPROHEAD_VISCOTEC_ROS2_PUBLIC[m[K
[3.489s]       |   [01;31m[K^~~~~~~~~~~~~~~~~~~~~~~~~~~~~~[m[K
[3.489s]       |   [32m[KVIPROHEAD_VISCOTEC_ROS2_BUILDING_DLL[m[K
[3.564s] [01m[K/home/barbe/ws_develop/viproHEAD5_viscotec_ros2/controllers/gpio_controller.cpp:21:38:[m[K [01;31m[Kerror: [m[Kno declaration matches ‘[01m[Kcontroller_interface::CallbackReturn viprohead_viscotec_ros2::GPIOController::on_init()[m[K’
[3.564s]    21 | controller_interface::CallbackReturn [01;31m[KGPIOController[m[K::on_init()
[3.565s]       |                                      [01;31m[K^~~~~~~~~~~~~~[m[K
[3.565s] [01m[K/home/barbe/ws_develop/viproHEAD5_viscotec_ros2/controllers/gpio_controller.cpp:21:38:[m[K [01;36m[Knote: [m[Kno functions named ‘[01m[Kcontroller_interface::CallbackReturn viprohead_viscotec_ros2::GPIOController::on_init()[m[K’
[3.565s] In file included from [01m[K/home/barbe/ws_develop/viproHEAD5_viscotec_ros2/controllers/gpio_controller.cpp:15[m[K:
[3.566s] [01m[K/home/barbe/ws_develop/viproHEAD5_viscotec_ros2/controllers/include/viprohead_viscotec_ros2/gpio_controller.hpp:32:7:[m[K [01;36m[Knote: [m[K‘[01m[Kclass viprohead_viscotec_ros2::GPIOController[m[K’ defined here
[3.566s]    32 | class [01;36m[KGPIOController[m[K : public controller_interface::ControllerInterface
[3.566s]       |       [01;36m[K^~~~~~~~~~~~~~[m[K
[3.566s] [01m[K/home/barbe/ws_develop/viproHEAD5_viscotec_ros2/controllers/gpio_controller.cpp:36:46:[m[K [01;31m[Kerror: [m[Kno declaration matches ‘[01m[Kcontroller_interface::InterfaceConfiguration viprohead_viscotec_ros2::GPIOController::command_interface_configuration() const[m[K’
[3.566s]    36 | controller_interface::InterfaceConfiguration [01;31m[KGPIOController[m[K::command_interface_configuration() const
[3.566s]       |                                              [01;31m[K^~~~~~~~~~~~~~[m[K
[3.567s] [01m[K/home/barbe/ws_develop/viproHEAD5_viscotec_ros2/controllers/gpio_controller.cpp:36:46:[m[K [01;36m[Knote: [m[Kno functions named ‘[01m[Kcontroller_interface::InterfaceConfiguration viprohead_viscotec_ros2::GPIOController::command_interface_configuration() const[m[K’
[3.567s] In file included from [01m[K/home/barbe/ws_develop/viproHEAD5_viscotec_ros2/controllers/gpio_controller.cpp:15[m[K:
[3.567s] [01m[K/home/barbe/ws_develop/viproHEAD5_viscotec_ros2/controllers/include/viprohead_viscotec_ros2/gpio_controller.hpp:32:7:[m[K [01;36m[Knote: [m[K‘[01m[Kclass viprohead_viscotec_ros2::GPIOController[m[K’ defined here
[3.567s]    32 | class [01;36m[KGPIOController[m[K : public controller_interface::ControllerInterface
[3.567s]       |       [01;36m[K^~~~~~~~~~~~~~[m[K
[3.567s] [01m[K/home/barbe/ws_develop/viproHEAD5_viscotec_ros2/controllers/gpio_controller.cpp:45:46:[m[K [01;31m[Kerror: [m[Kno declaration matches ‘[01m[Kcontroller_interface::InterfaceConfiguration viprohead_viscotec_ros2::GPIOController::state_interface_configuration() const[m[K’
[3.568s]    45 | controller_interface::InterfaceConfiguration [01;31m[KGPIOController[m[K::state_interface_configuration() const
[3.568s]       |                                              [01;31m[K^~~~~~~~~~~~~~[m[K
[3.568s] [01m[K/home/barbe/ws_develop/viproHEAD5_viscotec_ros2/controllers/gpio_controller.cpp:45:46:[m[K [01;36m[Knote: [m[Kno functions named ‘[01m[Kcontroller_interface::InterfaceConfiguration viprohead_viscotec_ros2::GPIOController::state_interface_configuration() const[m[K’
[3.568s] In file included from [01m[K/home/barbe/ws_develop/viproHEAD5_viscotec_ros2/controllers/gpio_controller.cpp:15[m[K:
[3.569s] [01m[K/home/barbe/ws_develop/viproHEAD5_viscotec_ros2/controllers/include/viprohead_viscotec_ros2/gpio_controller.hpp:32:7:[m[K [01;36m[Knote: [m[K‘[01m[Kclass viprohead_viscotec_ros2::GPIOController[m[K’ defined here
[3.569s]    32 | class [01;36m[KGPIOController[m[K : public controller_interface::ControllerInterface
[3.569s]       |       [01;36m[K^~~~~~~~~~~~~~[m[K
[3.569s] [01m[K/home/barbe/ws_develop/viproHEAD5_viscotec_ros2/controllers/gpio_controller.cpp:54:35:[m[K [01;31m[Kerror: [m[Kno declaration matches ‘[01m[Kcontroller_interface::return_type viprohead_viscotec_ros2::GPIOController::update(const rclcpp::Time&, const rclcpp::Duration&)[m[K’
[3.569s]    54 | controller_interface::return_type [01;31m[KGPIOController[m[K::update(
[3.569s]       |                                   [01;31m[K^~~~~~~~~~~~~~[m[K
[3.569s] [01m[K/home/barbe/ws_develop/viproHEAD5_viscotec_ros2/controllers/gpio_controller.cpp:54:35:[m[K [01;36m[Knote: [m[Kno functions named ‘[01m[Kcontroller_interface::return_type viprohead_viscotec_ros2::GPIOController::update(const rclcpp::Time&, const rclcpp::Duration&)[m[K’
[3.569s] In file included from [01m[K/home/barbe/ws_develop/viproHEAD5_viscotec_ros2/controllers/gpio_controller.cpp:15[m[K:
[3.569s] [01m[K/home/barbe/ws_develop/viproHEAD5_viscotec_ros2/controllers/include/viprohead_viscotec_ros2/gpio_controller.hpp:32:7:[m[K [01;36m[Knote: [m[K‘[01m[Kclass viprohead_viscotec_ros2::GPIOController[m[K’ defined here
[3.569s]    32 | class [01;36m[KGPIOController[m[K : public controller_interface::ControllerInterface
[3.570s]       |       [01;36m[K^~~~~~~~~~~~~~[m[K
[3.570s] [01m[K/home/barbe/ws_develop/viproHEAD5_viscotec_ros2/controllers/gpio_controller.cpp:93:38:[m[K [01;31m[Kerror: [m[Kno declaration matches ‘[01m[Kcontroller_interface::CallbackReturn viprohead_viscotec_ros2::GPIOController::on_configure(const rclcpp_lifecycle::State&)[m[K’
[3.570s]    93 | controller_interface::CallbackReturn [01;31m[KGPIOController[m[K::on_configure(
[3.570s]       |                                      [01;31m[K^~~~~~~~~~~~~~[m[K
[3.570s] [01m[K/home/barbe/ws_develop/viproHEAD5_viscotec_ros2/controllers/gpio_controller.cpp:93:38:[m[K [01;36m[Knote: [m[Kno functions named ‘[01m[Kcontroller_interface::CallbackReturn viprohead_viscotec_ros2::GPIOController::on_configure(const rclcpp_lifecycle::State&)[m[K’
[3.570s] In file included from [01m[K/home/barbe/ws_develop/viproHEAD5_viscotec_ros2/controllers/gpio_controller.cpp:15[m[K:
[3.570s] [01m[K/home/barbe/ws_develop/viproHEAD5_viscotec_ros2/controllers/include/viprohead_viscotec_ros2/gpio_controller.hpp:32:7:[m[K [01;36m[Knote: [m[K‘[01m[Kclass viprohead_viscotec_ros2::GPIOController[m[K’ defined here
[3.570s]    32 | class [01;36m[KGPIOController[m[K : public controller_interface::ControllerInterface
[3.570s]       |       [01;36m[K^~~~~~~~~~~~~~[m[K
[3.571s] [01m[K/home/barbe/ws_develop/viproHEAD5_viscotec_ros2/controllers/gpio_controller.cpp:125:38:[m[K [01;31m[Kerror: [m[Kno declaration matches ‘[01m[Kcontroller_interface::CallbackReturn viprohead_viscotec_ros2::GPIOController::on_activate(const rclcpp_lifecycle::State&)[m[K’
[3.571s]   125 | controller_interface::CallbackReturn [01;31m[KGPIOController[m[K::on_activate(
[3.571s]       |                                      [01;31m[K^~~~~~~~~~~~~~[m[K
[3.571s] [01m[K/home/barbe/ws_develop/viproHEAD5_viscotec_ros2/controllers/gpio_controller.cpp:125:38:[m[K [01;36m[Knote: [m[Kno functions named ‘[01m[Kcontroller_interface::CallbackReturn viprohead_viscotec_ros2::GPIOController::on_activate(const rclcpp_lifecycle::State&)[m[K’
[3.571s] In file included from [01m[K/home/barbe/ws_develop/viproHEAD5_viscotec_ros2/controllers/gpio_controller.cpp:15[m[K:
[3.571s] [01m[K/home/barbe/ws_develop/viproHEAD5_viscotec_ros2/controllers/include/viprohead_viscotec_ros2/gpio_controller.hpp:32:7:[m[K [01;36m[Knote: [m[K‘[01m[Kclass viprohead_viscotec_ros2::GPIOController[m[K’ defined here
[3.571s]    32 | class [01;36m[KGPIOController[m[K : public controller_interface::ControllerInterface
[3.572s]       |       [01;36m[K^~~~~~~~~~~~~~[m[K
[3.572s] [01m[K/home/barbe/ws_develop/viproHEAD5_viscotec_ros2/controllers/gpio_controller.cpp:131:38:[m[K [01;31m[Kerror: [m[Kno declaration matches ‘[01m[Kcontroller_interface::CallbackReturn viprohead_viscotec_ros2::GPIOController::on_deactivate(const rclcpp_lifecycle::State&)[m[K’
[3.572s]   131 | controller_interface::CallbackReturn [01;31m[KGPIOController[m[K::on_deactivate(
[3.572s]       |                                      [01;31m[K^~~~~~~~~~~~~~[m[K
[3.572s] [01m[K/home/barbe/ws_develop/viproHEAD5_viscotec_ros2/controllers/gpio_controller.cpp:131:38:[m[K [01;36m[Knote: [m[Kno functions named ‘[01m[Kcontroller_interface::CallbackReturn viprohead_viscotec_ros2::GPIOController::on_deactivate(const rclcpp_lifecycle::State&)[m[K’
[3.572s] In file included from [01m[K/home/barbe/ws_develop/viproHEAD5_viscotec_ros2/controllers/gpio_controller.cpp:15[m[K:
[3.573s] [01m[K/home/barbe/ws_develop/viproHEAD5_viscotec_ros2/controllers/include/viprohead_viscotec_ros2/gpio_controller.hpp:32:7:[m[K [01;36m[Knote: [m[K‘[01m[Kclass viprohead_viscotec_ros2::GPIOController[m[K’ defined here
[3.573s]    32 | class [01;36m[KGPIOController[m[K : public controller_interface::ControllerInterface
[3.573s]       |       [01;36m[K^~~~~~~~~~~~~~[m[K
[4.316s] In file included from [01m[K/opt/ros/humble/include/class_loader/class_loader/class_loader_core.hpp:57[m[K,
[4.316s]                  from [01m[K/opt/ros/humble/include/class_loader/class_loader/class_loader.hpp:55[m[K,
[4.316s]                  from [01m[K/opt/ros/humble/include/pluginlib/pluginlib/class_list_macros.hpp:40[m[K,
[4.316s]                  from [01m[K/home/barbe/ws_develop/viproHEAD5_viscotec_ros2/controllers/gpio_controller.cpp:148[m[K:
[4.317s] /opt/ros/humble/include/class_loader/class_loader/meta_object.hpp: In instantiation of ‘[01m[KB* class_loader::impl::MetaObject<C, B>::create() const [with C = viprohead_viscotec_ros2::GPIOController; B = controller_interface::ControllerInterface][m[K’:
[4.317s] [01m[K/opt/ros/humble/include/class_loader/class_loader/meta_object.hpp:216:7:[m[K   required from here
[4.317s] [01m[K/opt/ros/humble/include/class_loader/class_loader/meta_object.hpp:218:12:[m[K [01;31m[Kerror: [m[Kinvalid new-expression of abstract class type ‘[01m[Kviprohead_viscotec_ros2::GPIOController[m[K’
[4.317s]   218 |     return [01;31m[Knew C[m[K;
[4.317s]       |            [01;31m[K^~~~~[m[K
[4.317s] In file included from [01m[K/home/barbe/ws_develop/viproHEAD5_viscotec_ros2/controllers/gpio_controller.cpp:15[m[K:
[4.317s] [01m[K/home/barbe/ws_develop/viproHEAD5_viscotec_ros2/controllers/include/viprohead_viscotec_ros2/gpio_controller.hpp:32:7:[m[K [01;36m[Knote: [m[K  because the following virtual functions are pure within ‘[01m[Kviprohead_viscotec_ros2::GPIOController[m[K’:
[4.317s]    32 | class [01;36m[KGPIOController[m[K : public controller_interface::ControllerInterface
[4.317s]       |       [01;36m[K^~~~~~~~~~~~~~[m[K
[4.317s] In file included from [01m[K/opt/ros/humble/include/controller_interface/controller_interface.hpp:22[m[K,
[4.317s]                  from [01m[K/home/barbe/ws_develop/viproHEAD5_viscotec_ros2/controllers/include/viprohead_viscotec_ros2/gpio_controller.hpp:26[m[K,
[4.317s]                  from [01m[K/home/barbe/ws_develop/viproHEAD5_viscotec_ros2/controllers/gpio_controller.cpp:15[m[K:
[4.318s] [01m[K/opt/ros/humble/include/controller_interface/controller_interface_base.hpp:88:34:[m[K [01;36m[Knote: [m[K    ‘[01m[Kvirtual controller_interface::InterfaceConfiguration controller_interface::ControllerInterfaceBase::command_interface_configuration() const[m[K’
[4.318s]    88 |   virtual InterfaceConfiguration [01;36m[Kcommand_interface_configuration[m[K() const = 0;
[4.318s]       |                                  [01;36m[K^~~~~~~~~~~~~~~~~~~~~~~~~~~~~~~[m[K
[4.318s] [01m[K/opt/ros/humble/include/controller_interface/controller_interface_base.hpp:105:34:[m[K [01;36m[Knote: [m[K    ‘[01m[Kvirtual controller_interface::InterfaceConfiguration controller_interface::ControllerInterfaceBase::state_interface_configuration() const[m[K’
[4.318s]   105 |   virtual InterfaceConfiguration [01;36m[Kstate_interface_configuration[m[K() const = 0;
[4.318s]       |                                  [01;36m[K^~~~~~~~~~~~~~~~~~~~~~~~~~~~~[m[K
[4.318s] [01m[K/opt/ros/humble/include/controller_interface/controller_interface_base.hpp:132:26:[m[K [01;36m[Knote: [m[K    ‘[01m[Kvirtual rclcpp_lifecycle::node_interfaces::LifecycleNodeInterface::CallbackReturn controller_interface::ControllerInterfaceBase::on_init()[m[K’
[4.318s]   132 |   virtual CallbackReturn [01;36m[Kon_init[m[K() = 0;
[4.318s]       |                          [01;36m[K^~~~~~~[m[K
[4.318s] [01m[K/opt/ros/humble/include/controller_interface/controller_interface_base.hpp:144:23:[m[K [01;36m[Knote: [m[K    ‘[01m[Kvirtual controller_interface::return_type controller_interface::ControllerInterfaceBase::update(const rclcpp::Time&, const rclcpp::Duration&)[m[K’
[4.318s]   144 |   virtual return_type [01;36m[Kupdate[m[K(const rclcpp::Time & time, const rclcpp::Duration & period) = 0;
[4.318s]       |                       [01;36m[K^~~~~~[m[K
[4.409s] gmake[2]: *** [CMakeFiles/viprohead_viscotec_ros2.dir/build.make:90 : CMakeFiles/viprohead_viscotec_ros2.dir/controllers/gpio_controller.cpp.o] Erreur 1
[4.410s] gmake[1]: *** [CMakeFiles/Makefile2:137 : CMakeFiles/viprohead_viscotec_ros2.dir/all] Erreur 2
[4.410s] gmake: *** [Makefile:146 : all] Erreur 2
[4.413s] Invoked command in '/home/barbe/ws_develop/viproHEAD5_viscotec_ros2/build/viprohead_viscotec_ros2' returned '2': CMAKE_PREFIX_PATH=${CMAKE_PREFIX_PATH}:/home/barbe/ws_moveit2/install/moveit_configs_utils:/home/barbe/ws_moveit2/install/launch_param_builder:/opt/ros/humble /usr/bin/cmake --build /home/barbe/ws_develop/viproHEAD5_viscotec_ros2/build/viprohead_viscotec_ros2 -- -j20 -l20
