[0.100s] Invoking command in '/home/barbe/ws_develop/viproHEAD5_viscotec_ros2/build/viprohead_viscotec_ros2': /usr/bin/cmake /home/barbe/ws_develop/viproHEAD5_viscotec_ros2 -DCMAKE_INSTALL_PREFIX=/home/barbe/ws_develop/viproHEAD5_viscotec_ros2/install/viprohead_viscotec_ros2
[0.122s] -- Found ament_cmake: 1.3.8 (/opt/ros/humble/share/ament_cmake/cmake)
[0.393s] -- Found hardware_interface: 2.40.0 (/opt/ros/humble/share/hardware_interface/cmake)
[0.436s] -- Found rosidl_generator_c: 3.1.5 (/opt/ros/humble/share/rosidl_generator_c/cmake)
[0.440s] -- Found rosidl_adapter: 3.1.5 (/opt/ros/humble/share/rosidl_adapter/cmake)
[0.449s] -- Found rosidl_generator_cpp: 3.1.5 (/opt/ros/humble/share/rosidl_generator_cpp/cmake)
[0.466s] -- Using all available rosidl_typesupport_c: rosidl_typesupport_fastrtps_c;rosidl_typesupport_introspection_c
[0.487s] -- Using all available rosidl_typesupport_cpp: rosidl_typesupport_fastrtps_cpp;rosidl_typesupport_introspection_cpp
[1.371s] -- Found rmw_implementation_cmake: 6.1.1 (/opt/ros/humble/share/rmw_implementation_cmake/cmake)
[1.375s] -- Found rmw_fastrtps_cpp: 6.2.6 (/opt/ros/humble/share/rmw_fastrtps_cpp/cmake)
[1.412s] -- Found TinyXML2 via Config file: TinyXML2_DIR-NOTFOUND
[1.425s] -- Found TinyXML2 via Config file: TinyXML2_DIR-NOTFOUND
[1.462s] -- Found TinyXML2 via Config file: TinyXML2_DIR-NOTFOUND
[1.474s] -- Found TinyXML2 via Config file: TinyXML2_DIR-NOTFOUND
[1.490s] -- Using RMW implementation 'rmw_fastrtps_cpp' as default
[1.694s] -- Found controller_interface: 2.40.0 (/opt/ros/humble/share/controller_interface/cmake)
[2.143s] -- Found ament_cmake_pytest: 1.3.8 (/opt/ros/humble/share/ament_cmake_pytest/cmake)
[3.202s] Error parsing '/home/barbe/ws_develop/viproHEAD5_viscotec_ros2/package.xml':
[3.259s] Traceback (most recent call last):
[3.260s]   File "/opt/ros/humble/share/ament_cmake_core/cmake/core/package_xml_2_cmake.py", line 150, in <module>
[3.260s]     main()
[3.260s]   File "/opt/ros/humble/share/ament_cmake_core/cmake/core/package_xml_2_cmake.py", line 53, in main
[3.260s]     raise e
[3.260s]   File "/opt/ros/humble/share/ament_cmake_core/cmake/core/package_xml_2_cmake.py", line 49, in main
[3.260s]     package = parse_package_string(
[3.260s]   File "/usr/lib/python3/dist-packages/catkin_pkg/package.py", line 788, in parse_package_string
[3.267s]     pkg.validate(warnings=warnings)
[3.268s]   File "/usr/lib/python3/dist-packages/catkin_pkg/package.py", line 330, in validate
[3.268s]     raise InvalidPackage('\n'.join(errors), self.filename)
[3.268s] catkin_pkg.package.InvalidPackage: Error(s) in package '/home/barbe/ws_develop/viproHEAD5_viscotec_ros2/package.xml':
[3.268s] Package 'viprohead_viscotec_ros2' must declare at least one maintainer
[3.290s] [31mCMake Error at /opt/ros/humble/share/ament_cmake_core/cmake/core/ament_package_xml.cmake:95 (message):
[3.290s]   execute_process(/usr/bin/python3
[3.290s]   /opt/ros/humble/share/ament_cmake_core/cmake/core/package_xml_2_cmake.py
[3.291s]   /home/barbe/ws_develop/viproHEAD5_viscotec_ros2/package.xml
[3.291s]   /home/barbe/ws_develop/viproHEAD5_viscotec_ros2/build/viprohead_viscotec_ros2/ament_cmake_core/package.cmake)
[3.291s]   returned error code 1
[3.291s] Call Stack (most recent call first):
[3.291s]   /opt/ros/humble/share/ament_cmake_core/cmake/core/ament_package_xml.cmake:49 (_ament_package_xml)
[3.291s]   /opt/ros/humble/share/ament_cmake_core/cmake/core/ament_package.cmake:63 (ament_package_xml)
[3.291s]   CMakeLists.txt:87 (ament_package)
[3.291s] 
[3.291s] [0m
[3.292s] -- Configuring incomplete, errors occurred!
[3.292s] See also "/home/barbe/ws_develop/viproHEAD5_viscotec_ros2/build/viprohead_viscotec_ros2/CMakeFiles/CMakeOutput.log".
[3.301s] Invoked command in '/home/barbe/ws_develop/viproHEAD5_viscotec_ros2/build/viprohead_viscotec_ros2' returned '1': /usr/bin/cmake /home/barbe/ws_develop/viproHEAD5_viscotec_ros2 -DCMAKE_INSTALL_PREFIX=/home/barbe/ws_develop/viproHEAD5_viscotec_ros2/install/viprohead_viscotec_ros2
