[1.403s] DEBUG:colcon:Command line arguments: ['/usr/bin/colcon', 'build']
[1.403s] DEBUG:colcon:Parsed command line arguments: Namespace(log_base=None, log_level=None, verb_name='build', build_base='build', install_base='install', merge_install=False, symlink_install=False, test_result_base=None, continue_on_error=False, executor='parallel', parallel_workers=20, event_handlers=None, ignore_user_meta=False, metas=['./colcon.meta'], base_paths=['.'], packages_ignore=None, packages_ignore_regex=None, paths=None, packages_up_to=None, packages_up_to_regex=None, packages_above=None, packages_above_and_dependencies=None, packages_above_depth=None, packages_select_by_dep=None, packages_skip_by_dep=None, packages_skip_up_to=None, packages_select_build_failed=False, packages_skip_build_finished=False, packages_select_test_failures=False, packages_skip_test_passed=False, packages_select=None, packages_skip=None, packages_select_regex=None, packages_skip_regex=None, packages_start=None, packages_end=None, allow_overriding=[], cmake_args=None, cmake_target=None, cmake_target_skip_unavailable=False, cmake_clean_cache=False, cmake_clean_first=False, cmake_force_configure=False, ament_cmake_args=None, catkin_cmake_args=None, catkin_skip_building_tests=False, mixin_files=None, mixin=None, verb_parser=<colcon_mixin.mixin.mixin_argument.MixinArgumentDecorator object at 0x79bb57506500>, verb_extension=<colcon_core.verb.build.BuildVerb object at 0x79bb57677550>, main=<bound method BuildVerb.main of <colcon_core.verb.build.BuildVerb object at 0x79bb57677550>>, mixin_verb=('build',))
[1.464s] Level 1:colcon.colcon_core.package_discovery:discover_packages(colcon_meta) check parameters
[1.464s] Level 1:colcon.colcon_core.package_discovery:discover_packages(recursive) check parameters
[1.464s] Level 1:colcon.colcon_core.package_discovery:discover_packages(ignore) check parameters
[1.464s] Level 1:colcon.colcon_core.package_discovery:discover_packages(path) check parameters
[1.465s] Level 1:colcon.colcon_core.package_discovery:discover_packages(colcon_meta) discover
[1.465s] Level 1:colcon.colcon_core.package_discovery:discover_packages(recursive) discover
[1.465s] INFO:colcon.colcon_core.package_discovery:Crawling recursively for packages in '/home/barbe/ws_develop/viproHEAD5_viscotec_ros2'
[1.465s] Level 1:colcon.colcon_core.package_identification:_identify(.) by extensions ['ignore', 'ignore_ament_install']
[1.465s] Level 1:colcon.colcon_core.package_identification:_identify(.) by extension 'ignore'
[1.465s] Level 1:colcon.colcon_core.package_identification:_identify(.) by extension 'ignore_ament_install'
[1.465s] Level 1:colcon.colcon_core.package_identification:_identify(.) by extensions ['colcon_pkg']
[1.465s] Level 1:colcon.colcon_core.package_identification:_identify(.) by extension 'colcon_pkg'
[1.465s] Level 1:colcon.colcon_core.package_identification:_identify(.) by extensions ['colcon_meta']
[1.465s] Level 1:colcon.colcon_core.package_identification:_identify(.) by extension 'colcon_meta'
[1.465s] Level 1:colcon.colcon_core.package_identification:_identify(.) by extensions ['ros']
[1.465s] Level 1:colcon.colcon_core.package_identification:_identify(.) by extension 'ros'
[1.496s] DEBUG:colcon.colcon_core.package_identification:Package '.' with type 'ros.ament_cmake' and name 'viprohead_viscotec_ros2'
[1.496s] Level 1:colcon.colcon_core.package_discovery:discover_packages(recursive) using defaults
[1.496s] Level 1:colcon.colcon_core.package_discovery:discover_packages(ignore) discover
[1.496s] Level 1:colcon.colcon_core.package_discovery:discover_packages(ignore) using defaults
[1.496s] Level 1:colcon.colcon_core.package_discovery:discover_packages(path) discover
[1.496s] Level 1:colcon.colcon_core.package_discovery:discover_packages(path) using defaults
[1.610s] Level 1:colcon.colcon_core.package_discovery:discover_packages(prefix_path) check parameters
[1.610s] Level 1:colcon.colcon_core.package_discovery:discover_packages(prefix_path) discover
[1.629s] WARNING:colcon.colcon_core.prefix_path.colcon:The path '/home/barbe/ws_develop/viprohead5_viscotec_ros2/install' in the environment variable COLCON_PREFIX_PATH doesn't exist
[1.629s] WARNING:colcon.colcon_ros.prefix_path.ament:The path '/home/barbe/ws_develop/viprohead5_viscotec_ros2/install/viprohead5_viscotec_ros2' in the environment variable AMENT_PREFIX_PATH doesn't exist
[1.631s] WARNING:colcon.colcon_ros.prefix_path.catkin:The path '/home/barbe/ws_develop/viprohead5_viscotec_ros2/install/viprohead5_viscotec_ros2' in the environment variable CMAKE_PREFIX_PATH doesn't exist
[1.650s] DEBUG:colcon.colcon_installed_package_information.package_discovery:Found 55 installed packages in /home/barbe/ws_moveit2/install
[1.675s] DEBUG:colcon.colcon_installed_package_information.package_discovery:Found 370 installed packages in /opt/ros/humble
[1.680s] Level 1:colcon.colcon_core.package_discovery:discover_packages(prefix_path) using defaults
[1.895s] Level 5:colcon.colcon_core.verb:set package 'viprohead_viscotec_ros2' build argument 'cmake_args' from command line to 'None'
[1.895s] Level 5:colcon.colcon_core.verb:set package 'viprohead_viscotec_ros2' build argument 'cmake_target' from command line to 'None'
[1.895s] Level 5:colcon.colcon_core.verb:set package 'viprohead_viscotec_ros2' build argument 'cmake_target_skip_unavailable' from command line to 'False'
[1.896s] Level 5:colcon.colcon_core.verb:set package 'viprohead_viscotec_ros2' build argument 'cmake_clean_cache' from command line to 'False'
[1.896s] Level 5:colcon.colcon_core.verb:set package 'viprohead_viscotec_ros2' build argument 'cmake_clean_first' from command line to 'False'
[1.896s] Level 5:colcon.colcon_core.verb:set package 'viprohead_viscotec_ros2' build argument 'cmake_force_configure' from command line to 'False'
[1.896s] Level 5:colcon.colcon_core.verb:set package 'viprohead_viscotec_ros2' build argument 'ament_cmake_args' from command line to 'None'
[1.896s] Level 5:colcon.colcon_core.verb:set package 'viprohead_viscotec_ros2' build argument 'catkin_cmake_args' from command line to 'None'
[1.896s] Level 5:colcon.colcon_core.verb:set package 'viprohead_viscotec_ros2' build argument 'catkin_skip_building_tests' from command line to 'False'
[1.896s] DEBUG:colcon.colcon_core.verb:Building package 'viprohead_viscotec_ros2' with the following arguments: {'ament_cmake_args': None, 'build_base': '/home/barbe/ws_develop/viproHEAD5_viscotec_ros2/build/viprohead_viscotec_ros2', 'catkin_cmake_args': None, 'catkin_skip_building_tests': False, 'cmake_args': None, 'cmake_clean_cache': False, 'cmake_clean_first': False, 'cmake_force_configure': False, 'cmake_target': None, 'cmake_target_skip_unavailable': False, 'install_base': '/home/barbe/ws_develop/viproHEAD5_viscotec_ros2/install/viprohead_viscotec_ros2', 'merge_install': False, 'path': '/home/barbe/ws_develop/viproHEAD5_viscotec_ros2', 'symlink_install': False, 'test_result_base': None}
[1.912s] INFO:colcon.colcon_core.executor:Executing jobs using 'parallel' executor
[1.930s] DEBUG:colcon.colcon_parallel_executor.executor.parallel:run_until_complete
[1.930s] INFO:colcon.colcon_ros.task.ament_cmake.build:Building ROS package in '/home/barbe/ws_develop/viproHEAD5_viscotec_ros2' with build type 'ament_cmake'
[1.931s] INFO:colcon.colcon_cmake.task.cmake.build:Building CMake package in '/home/barbe/ws_develop/viproHEAD5_viscotec_ros2'
[1.949s] INFO:colcon.colcon_core.plugin_system:Skipping extension 'colcon_core.shell.bat': Not used on non-Windows systems
[1.949s] INFO:colcon.colcon_core.shell:Skip shell extension 'powershell' for command environment: Not usable outside of PowerShell
[1.949s] DEBUG:colcon.colcon_core.shell:Skip shell extension 'dsv' for command environment
[2.045s] DEBUG:colcon.colcon_core.event_handler.log_command:Invoking command in '/home/barbe/ws_develop/viproHEAD5_viscotec_ros2/build/viprohead_viscotec_ros2': CMAKE_PREFIX_PATH=${CMAKE_PREFIX_PATH}:/home/barbe/ws_moveit2/install/moveit_configs_utils:/home/barbe/ws_moveit2/install/launch_param_builder:/opt/ros/humble /usr/bin/cmake --build /home/barbe/ws_develop/viproHEAD5_viscotec_ros2/build/viprohead_viscotec_ros2 -- -j20 -l20
[13.880s] DEBUG:colcon.colcon_core.event_handler.log_command:Invoked command in '/home/barbe/ws_develop/viproHEAD5_viscotec_ros2/build/viprohead_viscotec_ros2' returned '0': CMAKE_PREFIX_PATH=${CMAKE_PREFIX_PATH}:/home/barbe/ws_moveit2/install/moveit_configs_utils:/home/barbe/ws_moveit2/install/launch_param_builder:/opt/ros/humble /usr/bin/cmake --build /home/barbe/ws_develop/viproHEAD5_viscotec_ros2/build/viprohead_viscotec_ros2 -- -j20 -l20
[13.984s] DEBUG:colcon.colcon_core.event_handler.log_command:Invoking command in '/home/barbe/ws_develop/viproHEAD5_viscotec_ros2/build/viprohead_viscotec_ros2': CMAKE_PREFIX_PATH=${CMAKE_PREFIX_PATH}:/home/barbe/ws_moveit2/install/moveit_configs_utils:/home/barbe/ws_moveit2/install/launch_param_builder:/opt/ros/humble /usr/bin/cmake --install /home/barbe/ws_develop/viproHEAD5_viscotec_ros2/build/viprohead_viscotec_ros2
[14.020s] Level 1:colcon.colcon_core.environment:create_environment_scripts_only(viprohead_viscotec_ros2)
[14.022s] DEBUG:colcon.colcon_core.event_handler.log_command:Invoked command in '/home/barbe/ws_develop/viproHEAD5_viscotec_ros2/build/viprohead_viscotec_ros2' returned '0': CMAKE_PREFIX_PATH=${CMAKE_PREFIX_PATH}:/home/barbe/ws_moveit2/install/moveit_configs_utils:/home/barbe/ws_moveit2/install/launch_param_builder:/opt/ros/humble /usr/bin/cmake --install /home/barbe/ws_develop/viproHEAD5_viscotec_ros2/build/viprohead_viscotec_ros2
[14.057s] Level 1:colcon.colcon_core.environment:checking '/home/barbe/ws_develop/viproHEAD5_viscotec_ros2/install/viprohead_viscotec_ros2' for CMake module files
[14.058s] Level 1:colcon.colcon_core.environment:checking '/home/barbe/ws_develop/viproHEAD5_viscotec_ros2/install/viprohead_viscotec_ros2' for CMake config files
[14.058s] Level 1:colcon.colcon_core.shell:create_environment_hook('viprohead_viscotec_ros2', 'cmake_prefix_path')
[14.079s] INFO:colcon.colcon_core.shell:Creating environment hook '/home/barbe/ws_develop/viproHEAD5_viscotec_ros2/install/viprohead_viscotec_ros2/share/viprohead_viscotec_ros2/hook/cmake_prefix_path.ps1'
[14.079s] INFO:colcon.colcon_core.shell:Creating environment descriptor '/home/barbe/ws_develop/viproHEAD5_viscotec_ros2/install/viprohead_viscotec_ros2/share/viprohead_viscotec_ros2/hook/cmake_prefix_path.dsv'
[14.080s] INFO:colcon.colcon_core.shell:Creating environment hook '/home/barbe/ws_develop/viproHEAD5_viscotec_ros2/install/viprohead_viscotec_ros2/share/viprohead_viscotec_ros2/hook/cmake_prefix_path.sh'
[14.081s] Level 1:colcon.colcon_core.environment:checking '/home/barbe/ws_develop/viproHEAD5_viscotec_ros2/install/viprohead_viscotec_ros2/lib'
[14.082s] Level 1:colcon.colcon_core.shell:create_environment_hook('viprohead_viscotec_ros2', 'ld_library_path_lib')
[14.102s] INFO:colcon.colcon_core.shell:Creating environment hook '/home/barbe/ws_develop/viproHEAD5_viscotec_ros2/install/viprohead_viscotec_ros2/share/viprohead_viscotec_ros2/hook/ld_library_path_lib.ps1'
[14.103s] INFO:colcon.colcon_core.shell:Creating environment descriptor '/home/barbe/ws_develop/viproHEAD5_viscotec_ros2/install/viprohead_viscotec_ros2/share/viprohead_viscotec_ros2/hook/ld_library_path_lib.dsv'
[14.103s] INFO:colcon.colcon_core.shell:Creating environment hook '/home/barbe/ws_develop/viproHEAD5_viscotec_ros2/install/viprohead_viscotec_ros2/share/viprohead_viscotec_ros2/hook/ld_library_path_lib.sh'
[14.103s] Level 1:colcon.colcon_core.environment:checking '/home/barbe/ws_develop/viproHEAD5_viscotec_ros2/install/viprohead_viscotec_ros2/bin'
[14.104s] Level 1:colcon.colcon_core.environment:checking '/home/barbe/ws_develop/viproHEAD5_viscotec_ros2/install/viprohead_viscotec_ros2/lib/pkgconfig/viprohead_viscotec_ros2.pc'
[14.104s] Level 1:colcon.colcon_core.environment:checking '/home/barbe/ws_develop/viproHEAD5_viscotec_ros2/install/viprohead_viscotec_ros2/lib/python3.10/site-packages'
[14.104s] Level 1:colcon.colcon_core.environment:checking '/home/barbe/ws_develop/viproHEAD5_viscotec_ros2/install/viprohead_viscotec_ros2/bin'
[14.127s] INFO:colcon.colcon_core.shell:Creating package script '/home/barbe/ws_develop/viproHEAD5_viscotec_ros2/install/viprohead_viscotec_ros2/share/viprohead_viscotec_ros2/package.ps1'
[14.128s] INFO:colcon.colcon_core.shell:Creating package descriptor '/home/barbe/ws_develop/viproHEAD5_viscotec_ros2/install/viprohead_viscotec_ros2/share/viprohead_viscotec_ros2/package.dsv'
[14.129s] INFO:colcon.colcon_core.shell:Creating package script '/home/barbe/ws_develop/viproHEAD5_viscotec_ros2/install/viprohead_viscotec_ros2/share/viprohead_viscotec_ros2/package.sh'
[14.130s] INFO:colcon.colcon_core.shell:Creating package script '/home/barbe/ws_develop/viproHEAD5_viscotec_ros2/install/viprohead_viscotec_ros2/share/viprohead_viscotec_ros2/package.bash'
[14.131s] INFO:colcon.colcon_core.shell:Creating package script '/home/barbe/ws_develop/viproHEAD5_viscotec_ros2/install/viprohead_viscotec_ros2/share/viprohead_viscotec_ros2/package.zsh'
[14.132s] Level 1:colcon.colcon_core.environment:create_file_with_runtime_dependencies(/home/barbe/ws_develop/viproHEAD5_viscotec_ros2/install/viprohead_viscotec_ros2/share/colcon-core/packages/viprohead_viscotec_ros2)
[14.254s] Level 1:colcon.colcon_core.environment:create_environment_scripts_only(viprohead_viscotec_ros2)
[14.288s] Level 1:colcon.colcon_core.environment:checking '/home/barbe/ws_develop/viproHEAD5_viscotec_ros2/install/viprohead_viscotec_ros2' for CMake module files
[14.289s] Level 1:colcon.colcon_core.environment:checking '/home/barbe/ws_develop/viproHEAD5_viscotec_ros2/install/viprohead_viscotec_ros2' for CMake config files
[14.290s] Level 1:colcon.colcon_core.shell:create_environment_hook('viprohead_viscotec_ros2', 'cmake_prefix_path')
[14.313s] INFO:colcon.colcon_core.shell:Creating environment hook '/home/barbe/ws_develop/viproHEAD5_viscotec_ros2/install/viprohead_viscotec_ros2/share/viprohead_viscotec_ros2/hook/cmake_prefix_path.ps1'
[14.314s] INFO:colcon.colcon_core.shell:Creating environment descriptor '/home/barbe/ws_develop/viproHEAD5_viscotec_ros2/install/viprohead_viscotec_ros2/share/viprohead_viscotec_ros2/hook/cmake_prefix_path.dsv'
[14.314s] INFO:colcon.colcon_core.shell:Creating environment hook '/home/barbe/ws_develop/viproHEAD5_viscotec_ros2/install/viprohead_viscotec_ros2/share/viprohead_viscotec_ros2/hook/cmake_prefix_path.sh'
[14.315s] Level 1:colcon.colcon_core.environment:checking '/home/barbe/ws_develop/viproHEAD5_viscotec_ros2/install/viprohead_viscotec_ros2/lib'
[14.315s] Level 1:colcon.colcon_core.shell:create_environment_hook('viprohead_viscotec_ros2', 'ld_library_path_lib')
[14.346s] INFO:colcon.colcon_core.shell:Creating environment hook '/home/barbe/ws_develop/viproHEAD5_viscotec_ros2/install/viprohead_viscotec_ros2/share/viprohead_viscotec_ros2/hook/ld_library_path_lib.ps1'
[14.347s] INFO:colcon.colcon_core.shell:Creating environment descriptor '/home/barbe/ws_develop/viproHEAD5_viscotec_ros2/install/viprohead_viscotec_ros2/share/viprohead_viscotec_ros2/hook/ld_library_path_lib.dsv'
[14.348s] INFO:colcon.colcon_core.shell:Creating environment hook '/home/barbe/ws_develop/viproHEAD5_viscotec_ros2/install/viprohead_viscotec_ros2/share/viprohead_viscotec_ros2/hook/ld_library_path_lib.sh'
[14.348s] Level 1:colcon.colcon_core.environment:checking '/home/barbe/ws_develop/viproHEAD5_viscotec_ros2/install/viprohead_viscotec_ros2/bin'
[14.348s] Level 1:colcon.colcon_core.environment:checking '/home/barbe/ws_develop/viproHEAD5_viscotec_ros2/install/viprohead_viscotec_ros2/lib/pkgconfig/viprohead_viscotec_ros2.pc'
[14.349s] Level 1:colcon.colcon_core.environment:checking '/home/barbe/ws_develop/viproHEAD5_viscotec_ros2/install/viprohead_viscotec_ros2/lib/python3.10/site-packages'
[14.349s] Level 1:colcon.colcon_core.environment:checking '/home/barbe/ws_develop/viproHEAD5_viscotec_ros2/install/viprohead_viscotec_ros2/bin'
[14.372s] INFO:colcon.colcon_core.shell:Creating package script '/home/barbe/ws_develop/viproHEAD5_viscotec_ros2/install/viprohead_viscotec_ros2/share/viprohead_viscotec_ros2/package.ps1'
[14.372s] INFO:colcon.colcon_core.shell:Creating package descriptor '/home/barbe/ws_develop/viproHEAD5_viscotec_ros2/install/viprohead_viscotec_ros2/share/viprohead_viscotec_ros2/package.dsv'
[14.373s] INFO:colcon.colcon_core.shell:Creating package script '/home/barbe/ws_develop/viproHEAD5_viscotec_ros2/install/viprohead_viscotec_ros2/share/viprohead_viscotec_ros2/package.sh'
[14.374s] INFO:colcon.colcon_core.shell:Creating package script '/home/barbe/ws_develop/viproHEAD5_viscotec_ros2/install/viprohead_viscotec_ros2/share/viprohead_viscotec_ros2/package.bash'
[14.374s] INFO:colcon.colcon_core.shell:Creating package script '/home/barbe/ws_develop/viproHEAD5_viscotec_ros2/install/viprohead_viscotec_ros2/share/viprohead_viscotec_ros2/package.zsh'
[14.374s] Level 1:colcon.colcon_core.environment:create_file_with_runtime_dependencies(/home/barbe/ws_develop/viproHEAD5_viscotec_ros2/install/viprohead_viscotec_ros2/share/colcon-core/packages/viprohead_viscotec_ros2)
[14.375s] DEBUG:colcon.colcon_parallel_executor.executor.parallel:closing loop
[14.375s] DEBUG:colcon.colcon_parallel_executor.executor.parallel:loop closed
[14.375s] DEBUG:colcon.colcon_parallel_executor.executor.parallel:run_until_complete finished with '0'
[14.375s] DEBUG:colcon.colcon_core.event_reactor:joining thread
[14.405s] INFO:colcon.colcon_core.plugin_system:Skipping extension 'colcon_notification.desktop_notification.terminal_notifier': Not used on non-Darwin systems
[14.406s] INFO:colcon.colcon_core.plugin_system:Skipping extension 'colcon_notification.desktop_notification.win32': Not used on non-Windows systems
[14.406s] INFO:colcon.colcon_notification.desktop_notification:Sending desktop notification using 'notify2'
[14.428s] DEBUG:colcon.colcon_core.event_reactor:joined thread
[14.460s] INFO:colcon.colcon_core.shell:Creating prefix script '/home/barbe/ws_develop/viproHEAD5_viscotec_ros2/install/local_setup.ps1'
[14.462s] INFO:colcon.colcon_core.shell:Creating prefix util module '/home/barbe/ws_develop/viproHEAD5_viscotec_ros2/install/_local_setup_util_ps1.py'
[14.464s] INFO:colcon.colcon_core.shell:Creating prefix chain script '/home/barbe/ws_develop/viproHEAD5_viscotec_ros2/install/setup.ps1'
[14.489s] INFO:colcon.colcon_core.shell:Creating prefix script '/home/barbe/ws_develop/viproHEAD5_viscotec_ros2/install/local_setup.sh'
[14.490s] INFO:colcon.colcon_core.shell:Creating prefix util module '/home/barbe/ws_develop/viproHEAD5_viscotec_ros2/install/_local_setup_util_sh.py'
[14.490s] INFO:colcon.colcon_core.shell:Creating prefix chain script '/home/barbe/ws_develop/viproHEAD5_viscotec_ros2/install/setup.sh'
[14.517s] INFO:colcon.colcon_core.shell:Creating prefix script '/home/barbe/ws_develop/viproHEAD5_viscotec_ros2/install/local_setup.bash'
[14.517s] INFO:colcon.colcon_core.shell:Creating prefix chain script '/home/barbe/ws_develop/viproHEAD5_viscotec_ros2/install/setup.bash'
[14.546s] INFO:colcon.colcon_core.shell:Creating prefix script '/home/barbe/ws_develop/viproHEAD5_viscotec_ros2/install/local_setup.zsh'
[14.546s] INFO:colcon.colcon_core.shell:Creating prefix chain script '/home/barbe/ws_develop/viproHEAD5_viscotec_ros2/install/setup.zsh'
