-- Found ament_cmake: 1.3.8 (/opt/ros/humble/share/ament_cmake/cmake)
-- Found hardware_interface: 2.40.0 (/opt/ros/humble/share/hardware_interface/cmake)
-- Found rosidl_generator_c: 3.1.5 (/opt/ros/humble/share/rosidl_generator_c/cmake)
-- Found rosidl_adapter: 3.1.5 (/opt/ros/humble/share/rosidl_adapter/cmake)
-- Found rosidl_generator_cpp: 3.1.5 (/opt/ros/humble/share/rosidl_generator_cpp/cmake)
-- Using all available rosidl_typesupport_c: rosidl_typesupport_fastrtps_c;rosidl_typesupport_introspection_c
-- Using all available rosidl_typesupport_cpp: rosidl_typesupport_fastrtps_cpp;rosidl_typesupport_introspection_cpp
-- Found rmw_implementation_cmake: 6.1.1 (/opt/ros/humble/share/rmw_implementation_cmake/cmake)
-- Found rmw_fastrtps_cpp: 6.2.6 (/opt/ros/humble/share/rmw_fastrtps_cpp/cmake)
-- Found TinyXML2 via Config file: TinyXML2_DIR-NOTFOUND
-- Found TinyXML2 via Config file: TinyXML2_DIR-NOTFOUND
-- Found TinyXML2 via Config file: TinyXML2_DIR-NOTFOUND
-- Found TinyXML2 via Config file: TinyXML2_DIR-NOTFOUND
-- Using RMW implementation 'rmw_fastrtps_cpp' as default
-- Found controller_interface: 2.40.0 (/opt/ros/humble/share/controller_interface/cmake)
-- Found ament_cmake_pytest: 1.3.8 (/opt/ros/humble/share/ament_cmake_pytest/cmake)
-- Configuring done
-- Generating done
-- Build files have been written to: /home/barbe/ws_develop/viproHEAD5_viscotec_ros2/build/viprohead_viscotec_ros2
[ 33%] [32mBuilding CXX object CMakeFiles/viprohead_viscotec_ros2.dir/hardware/extruder.cpp.o[0m
[ 66%] [32mBuilding CXX object CMakeFiles/viprohead_viscotec_ros2.dir/controllers/gpio_controller.cpp.o[0m
[01m[K/home/barbe/ws_develop/viproHEAD5_viscotec_ros2/controllers/gpio_controller.cpp:15:10:[m[K [01;31m[Kfatal error: [m[Kros2_control_demo_example_10/gpio_controller.hpp: Aucun fichier ou dossier de ce nom
   15 | #include [01;31m[K"ros2_control_demo_example_10/gpio_controller.hpp"[m[K
      |          [01;31m[K^~~~~~~~~~~~~~~~~~~~~~~~~~~~~~~~~~~~~~~~~~~~~~~~~~[m[K
compilation terminated.
gmake[2]: *** [CMakeFiles/viprohead_viscotec_ros2.dir/build.make:90 : CMakeFiles/viprohead_viscotec_ros2.dir/controllers/gpio_controller.cpp.o] Erreur 1
gmake[2]: *** Attente des tâches non terminées....
gmake[1]: *** [CMakeFiles/Makefile2:137 : CMakeFiles/viprohead_viscotec_ros2.dir/all] Erreur 2
gmake: *** [Makefile:146 : all] Erreur 2
