[1.420s] DEBUG:colcon:Command line arguments: ['/usr/bin/colcon', 'build']
[1.421s] DEBUG:colcon:Parsed command line arguments: Namespace(log_base=None, log_level=None, verb_name='build', build_base='build', install_base='install', merge_install=False, symlink_install=False, test_result_base=None, continue_on_error=False, executor='parallel', parallel_workers=20, event_handlers=None, ignore_user_meta=False, metas=['./colcon.meta'], base_paths=['.'], packages_ignore=None, packages_ignore_regex=None, paths=None, packages_up_to=None, packages_up_to_regex=None, packages_above=None, packages_above_and_dependencies=None, packages_above_depth=None, packages_select_by_dep=None, packages_skip_by_dep=None, packages_skip_up_to=None, packages_select_build_failed=False, packages_skip_build_finished=False, packages_select_test_failures=False, packages_skip_test_passed=False, packages_select=None, packages_skip=None, packages_select_regex=None, packages_skip_regex=None, packages_start=None, packages_end=None, allow_overriding=[], cmake_args=None, cmake_target=None, cmake_target_skip_unavailable=False, cmake_clean_cache=False, cmake_clean_first=False, cmake_force_configure=False, ament_cmake_args=None, catkin_cmake_args=None, catkin_skip_building_tests=False, mixin_files=None, mixin=None, verb_parser=<colcon_mixin.mixin.mixin_argument.MixinArgumentDecorator object at 0x7d982240e620>, verb_extension=<colcon_core.verb.build.BuildVerb object at 0x7d982257f7c0>, main=<bound method BuildVerb.main of <colcon_core.verb.build.BuildVerb object at 0x7d982257f7c0>>, mixin_verb=('build',))
[1.481s] Level 1:colcon.colcon_core.package_discovery:discover_packages(colcon_meta) check parameters
[1.481s] Level 1:colcon.colcon_core.package_discovery:discover_packages(recursive) check parameters
[1.481s] Level 1:colcon.colcon_core.package_discovery:discover_packages(ignore) check parameters
[1.482s] Level 1:colcon.colcon_core.package_discovery:discover_packages(path) check parameters
[1.482s] Level 1:colcon.colcon_core.package_discovery:discover_packages(colcon_meta) discover
[1.482s] Level 1:colcon.colcon_core.package_discovery:discover_packages(recursive) discover
[1.482s] INFO:colcon.colcon_core.package_discovery:Crawling recursively for packages in '/home/barbe/ws_develop/viproHEAD5_viscotec_ros2'
[1.482s] Level 1:colcon.colcon_core.package_identification:_identify(.) by extensions ['ignore', 'ignore_ament_install']
[1.482s] Level 1:colcon.colcon_core.package_identification:_identify(.) by extension 'ignore'
[1.482s] Level 1:colcon.colcon_core.package_identification:_identify(.) by extension 'ignore_ament_install'
[1.482s] Level 1:colcon.colcon_core.package_identification:_identify(.) by extensions ['colcon_pkg']
[1.482s] Level 1:colcon.colcon_core.package_identification:_identify(.) by extension 'colcon_pkg'
[1.482s] Level 1:colcon.colcon_core.package_identification:_identify(.) by extensions ['colcon_meta']
[1.482s] Level 1:colcon.colcon_core.package_identification:_identify(.) by extension 'colcon_meta'
[1.482s] Level 1:colcon.colcon_core.package_identification:_identify(.) by extensions ['ros']
[1.482s] Level 1:colcon.colcon_core.package_identification:_identify(.) by extension 'ros'
[1.512s] DEBUG:colcon.colcon_core.package_identification:Package '.' with type 'ros.ament_cmake' and name 'viprohead_viscotec_ros2'
[1.513s] Level 1:colcon.colcon_core.package_discovery:discover_packages(recursive) using defaults
[1.513s] Level 1:colcon.colcon_core.package_discovery:discover_packages(ignore) discover
[1.513s] Level 1:colcon.colcon_core.package_discovery:discover_packages(ignore) using defaults
[1.513s] Level 1:colcon.colcon_core.package_discovery:discover_packages(path) discover
[1.513s] Level 1:colcon.colcon_core.package_discovery:discover_packages(path) using defaults
[1.635s] Level 1:colcon.colcon_core.package_discovery:discover_packages(prefix_path) check parameters
[1.635s] Level 1:colcon.colcon_core.package_discovery:discover_packages(prefix_path) discover
[1.652s] WARNING:colcon.colcon_core.prefix_path.colcon:The path '/home/barbe/ws_develop/viprohead5_viscotec_ros2/install' in the environment variable COLCON_PREFIX_PATH doesn't exist
[1.653s] WARNING:colcon.colcon_ros.prefix_path.ament:The path '/home/barbe/ws_develop/viprohead5_viscotec_ros2/install/viprohead5_viscotec_ros2' in the environment variable AMENT_PREFIX_PATH doesn't exist
[1.654s] WARNING:colcon.colcon_ros.prefix_path.catkin:The path '/home/barbe/ws_develop/viprohead5_viscotec_ros2/install/viprohead5_viscotec_ros2' in the environment variable CMAKE_PREFIX_PATH doesn't exist
[1.673s] DEBUG:colcon.colcon_installed_package_information.package_discovery:Found 55 installed packages in /home/barbe/ws_moveit2/install
[1.694s] DEBUG:colcon.colcon_installed_package_information.package_discovery:Found 370 installed packages in /opt/ros/humble
[1.699s] Level 1:colcon.colcon_core.package_discovery:discover_packages(prefix_path) using defaults
[1.840s] Level 5:colcon.colcon_core.verb:set package 'viprohead_viscotec_ros2' build argument 'cmake_args' from command line to 'None'
[1.840s] Level 5:colcon.colcon_core.verb:set package 'viprohead_viscotec_ros2' build argument 'cmake_target' from command line to 'None'
[1.840s] Level 5:colcon.colcon_core.verb:set package 'viprohead_viscotec_ros2' build argument 'cmake_target_skip_unavailable' from command line to 'False'
[1.840s] Level 5:colcon.colcon_core.verb:set package 'viprohead_viscotec_ros2' build argument 'cmake_clean_cache' from command line to 'False'
[1.840s] Level 5:colcon.colcon_core.verb:set package 'viprohead_viscotec_ros2' build argument 'cmake_clean_first' from command line to 'False'
[1.840s] Level 5:colcon.colcon_core.verb:set package 'viprohead_viscotec_ros2' build argument 'cmake_force_configure' from command line to 'False'
[1.840s] Level 5:colcon.colcon_core.verb:set package 'viprohead_viscotec_ros2' build argument 'ament_cmake_args' from command line to 'None'
[1.840s] Level 5:colcon.colcon_core.verb:set package 'viprohead_viscotec_ros2' build argument 'catkin_cmake_args' from command line to 'None'
[1.840s] Level 5:colcon.colcon_core.verb:set package 'viprohead_viscotec_ros2' build argument 'catkin_skip_building_tests' from command line to 'False'
[1.840s] DEBUG:colcon.colcon_core.verb:Building package 'viprohead_viscotec_ros2' with the following arguments: {'ament_cmake_args': None, 'build_base': '/home/barbe/ws_develop/viproHEAD5_viscotec_ros2/build/viprohead_viscotec_ros2', 'catkin_cmake_args': None, 'catkin_skip_building_tests': False, 'cmake_args': None, 'cmake_clean_cache': False, 'cmake_clean_first': False, 'cmake_force_configure': False, 'cmake_target': None, 'cmake_target_skip_unavailable': False, 'install_base': '/home/barbe/ws_develop/viproHEAD5_viscotec_ros2/install/viprohead_viscotec_ros2', 'merge_install': False, 'path': '/home/barbe/ws_develop/viproHEAD5_viscotec_ros2', 'symlink_install': False, 'test_result_base': None}
[1.856s] INFO:colcon.colcon_core.executor:Executing jobs using 'parallel' executor
[1.873s] DEBUG:colcon.colcon_parallel_executor.executor.parallel:run_until_complete
[1.873s] INFO:colcon.colcon_ros.task.ament_cmake.build:Building ROS package in '/home/barbe/ws_develop/viproHEAD5_viscotec_ros2' with build type 'ament_cmake'
[1.873s] INFO:colcon.colcon_cmake.task.cmake.build:Building CMake package in '/home/barbe/ws_develop/viproHEAD5_viscotec_ros2'
[1.894s] INFO:colcon.colcon_core.plugin_system:Skipping extension 'colcon_core.shell.bat': Not used on non-Windows systems
[1.894s] INFO:colcon.colcon_core.shell:Skip shell extension 'powershell' for command environment: Not usable outside of PowerShell
[1.894s] DEBUG:colcon.colcon_core.shell:Skip shell extension 'dsv' for command environment
[1.982s] DEBUG:colcon.colcon_core.event_handler.log_command:Invoking command in '/home/barbe/ws_develop/viproHEAD5_viscotec_ros2/build/viprohead_viscotec_ros2': CMAKE_PREFIX_PATH=${CMAKE_PREFIX_PATH}:/home/barbe/ws_moveit2/install/moveit_configs_utils:/home/barbe/ws_moveit2/install/launch_param_builder:/opt/ros/humble /usr/bin/cmake --build /home/barbe/ws_develop/viproHEAD5_viscotec_ros2/build/viprohead_viscotec_ros2 -- -j20 -l20
[6.530s] DEBUG:colcon.colcon_core.event_handler.log_command:Invoked command in '/home/barbe/ws_develop/viproHEAD5_viscotec_ros2/build/viprohead_viscotec_ros2' returned '2': CMAKE_PREFIX_PATH=${CMAKE_PREFIX_PATH}:/home/barbe/ws_moveit2/install/moveit_configs_utils:/home/barbe/ws_moveit2/install/launch_param_builder:/opt/ros/humble /usr/bin/cmake --build /home/barbe/ws_develop/viproHEAD5_viscotec_ros2/build/viprohead_viscotec_ros2 -- -j20 -l20
[6.634s] Level 1:colcon.colcon_core.environment:create_environment_scripts_only(viprohead_viscotec_ros2)
[6.662s] Level 1:colcon.colcon_core.environment:checking '/home/barbe/ws_develop/viproHEAD5_viscotec_ros2/install/viprohead_viscotec_ros2' for CMake module files
[6.663s] Level 1:colcon.colcon_core.environment:checking '/home/barbe/ws_develop/viproHEAD5_viscotec_ros2/install/viprohead_viscotec_ros2' for CMake config files
[6.664s] Level 1:colcon.colcon_core.environment:checking '/home/barbe/ws_develop/viproHEAD5_viscotec_ros2/install/viprohead_viscotec_ros2/bin'
[6.664s] Level 1:colcon.colcon_core.environment:checking '/home/barbe/ws_develop/viproHEAD5_viscotec_ros2/install/viprohead_viscotec_ros2/lib/pkgconfig/viprohead_viscotec_ros2.pc'
[6.664s] Level 1:colcon.colcon_core.environment:checking '/home/barbe/ws_develop/viproHEAD5_viscotec_ros2/install/viprohead_viscotec_ros2/lib/python3.10/site-packages'
[6.665s] Level 1:colcon.colcon_core.environment:checking '/home/barbe/ws_develop/viproHEAD5_viscotec_ros2/install/viprohead_viscotec_ros2/bin'
[6.690s] INFO:colcon.colcon_core.shell:Creating package script '/home/barbe/ws_develop/viproHEAD5_viscotec_ros2/install/viprohead_viscotec_ros2/share/viprohead_viscotec_ros2/package.ps1'
[6.692s] INFO:colcon.colcon_core.shell:Creating package descriptor '/home/barbe/ws_develop/viproHEAD5_viscotec_ros2/install/viprohead_viscotec_ros2/share/viprohead_viscotec_ros2/package.dsv'
[6.693s] INFO:colcon.colcon_core.shell:Creating package script '/home/barbe/ws_develop/viproHEAD5_viscotec_ros2/install/viprohead_viscotec_ros2/share/viprohead_viscotec_ros2/package.sh'
[6.694s] INFO:colcon.colcon_core.shell:Creating package script '/home/barbe/ws_develop/viproHEAD5_viscotec_ros2/install/viprohead_viscotec_ros2/share/viprohead_viscotec_ros2/package.bash'
[6.696s] INFO:colcon.colcon_core.shell:Creating package script '/home/barbe/ws_develop/viproHEAD5_viscotec_ros2/install/viprohead_viscotec_ros2/share/viprohead_viscotec_ros2/package.zsh'
[6.697s] Level 1:colcon.colcon_core.environment:create_file_with_runtime_dependencies(/home/barbe/ws_develop/viproHEAD5_viscotec_ros2/install/viprohead_viscotec_ros2/share/colcon-core/packages/viprohead_viscotec_ros2)
[6.708s] DEBUG:colcon.colcon_parallel_executor.executor.parallel:closing loop
[6.708s] DEBUG:colcon.colcon_parallel_executor.executor.parallel:loop closed
[6.708s] DEBUG:colcon.colcon_parallel_executor.executor.parallel:run_until_complete finished with '2'
[6.708s] DEBUG:colcon.colcon_core.event_reactor:joining thread
[6.753s] INFO:colcon.colcon_core.plugin_system:Skipping extension 'colcon_notification.desktop_notification.terminal_notifier': Not used on non-Darwin systems
[6.753s] INFO:colcon.colcon_core.plugin_system:Skipping extension 'colcon_notification.desktop_notification.win32': Not used on non-Windows systems
[6.753s] INFO:colcon.colcon_notification.desktop_notification:Sending desktop notification using 'notify2'
[6.781s] DEBUG:colcon.colcon_core.event_reactor:joined thread
[6.808s] INFO:colcon.colcon_core.shell:Creating prefix script '/home/barbe/ws_develop/viproHEAD5_viscotec_ros2/install/local_setup.ps1'
[6.809s] INFO:colcon.colcon_core.shell:Creating prefix util module '/home/barbe/ws_develop/viproHEAD5_viscotec_ros2/install/_local_setup_util_ps1.py'
[6.812s] INFO:colcon.colcon_core.shell:Creating prefix chain script '/home/barbe/ws_develop/viproHEAD5_viscotec_ros2/install/setup.ps1'
[6.846s] INFO:colcon.colcon_core.shell:Creating prefix script '/home/barbe/ws_develop/viproHEAD5_viscotec_ros2/install/local_setup.sh'
[6.847s] INFO:colcon.colcon_core.shell:Creating prefix util module '/home/barbe/ws_develop/viproHEAD5_viscotec_ros2/install/_local_setup_util_sh.py'
[6.848s] INFO:colcon.colcon_core.shell:Creating prefix chain script '/home/barbe/ws_develop/viproHEAD5_viscotec_ros2/install/setup.sh'
[6.879s] INFO:colcon.colcon_core.shell:Creating prefix script '/home/barbe/ws_develop/viproHEAD5_viscotec_ros2/install/local_setup.bash'
[6.880s] INFO:colcon.colcon_core.shell:Creating prefix chain script '/home/barbe/ws_develop/viproHEAD5_viscotec_ros2/install/setup.bash'
[6.909s] INFO:colcon.colcon_core.shell:Creating prefix script '/home/barbe/ws_develop/viproHEAD5_viscotec_ros2/install/local_setup.zsh'
[6.910s] INFO:colcon.colcon_core.shell:Creating prefix chain script '/home/barbe/ws_develop/viproHEAD5_viscotec_ros2/install/setup.zsh'
