[0.101s] Invoking command in '/home/barbe/ws_develop/viproHEAD5_viscotec_ros2/build/viprohead_viscotec_ros2': /usr/bin/cmake /home/barbe/ws_develop/viproHEAD5_viscotec_ros2 -DCMAKE_INSTALL_PREFIX=/home/barbe/ws_develop/viproHEAD5_viscotec_ros2/install/viprohead_viscotec_ros2
[0.121s] -- Found ament_cmake: 1.3.8 (/opt/ros/humble/share/ament_cmake/cmake)
[0.358s] -- Found hardware_interface: 2.40.0 (/opt/ros/humble/share/hardware_interface/cmake)
[0.398s] -- Found rosidl_generator_c: 3.1.5 (/opt/ros/humble/share/rosidl_generator_c/cmake)
[0.401s] -- Found rosidl_adapter: 3.1.5 (/opt/ros/humble/share/rosidl_adapter/cmake)
[0.408s] -- Found rosidl_generator_cpp: 3.1.5 (/opt/ros/humble/share/rosidl_generator_cpp/cmake)
[0.427s] -- Using all available rosidl_typesupport_c: rosidl_typesupport_fastrtps_c;rosidl_typesupport_introspection_c
[0.454s] -- Using all available rosidl_typesupport_cpp: rosidl_typesupport_fastrtps_cpp;rosidl_typesupport_introspection_cpp
[1.404s] -- Found rmw_implementation_cmake: 6.1.1 (/opt/ros/humble/share/rmw_implementation_cmake/cmake)
[1.409s] -- Found rmw_fastrtps_cpp: 6.2.6 (/opt/ros/humble/share/rmw_fastrtps_cpp/cmake)
[1.461s] -- Found TinyXML2 via Config file: TinyXML2_DIR-NOTFOUND
[1.475s] -- Found TinyXML2 via Config file: TinyXML2_DIR-NOTFOUND
[1.511s] -- Found TinyXML2 via Config file: TinyXML2_DIR-NOTFOUND
[1.524s] -- Found TinyXML2 via Config file: TinyXML2_DIR-NOTFOUND
[1.546s] -- Using RMW implementation 'rmw_fastrtps_cpp' as default
[1.757s] -- Found controller_interface: 2.40.0 (/opt/ros/humble/share/controller_interface/cmake)
[2.190s] -- Found ament_cmake_pytest: 1.3.8 (/opt/ros/humble/share/ament_cmake_pytest/cmake)
[3.050s] [0mCMake Error: File /home/barbe/ws_develop/viproHEAD5_viscotec_ros2/package.xml does not exist.[0m
[3.050s] [31mCMake Error at /opt/ros/humble/share/ament_cmake_core/cmake/core/stamp.cmake:24 (configure_file):
[3.050s]   configure_file Problem configuring file
[3.050s] Call Stack (most recent call first):
[3.050s]   /opt/ros/humble/share/ament_cmake_core/cmake/core/ament_package_xml.cmake:73 (stamp)
[3.051s]   /opt/ros/humble/share/ament_cmake_core/cmake/core/ament_package_xml.cmake:49 (_ament_package_xml)
[3.051s]   /opt/ros/humble/share/ament_cmake_core/cmake/core/ament_package.cmake:63 (ament_package_xml)
[3.051s]   CMakeLists.txt:87 (ament_package)
[3.051s] 
[3.051s] [0m
[3.057s] -- Configuring incomplete, errors occurred!
[3.057s] See also "/home/barbe/ws_develop/viproHEAD5_viscotec_ros2/build/viprohead_viscotec_ros2/CMakeFiles/CMakeOutput.log".
[3.070s] Invoked command in '/home/barbe/ws_develop/viproHEAD5_viscotec_ros2/build/viprohead_viscotec_ros2' returned '1': /usr/bin/cmake /home/barbe/ws_develop/viproHEAD5_viscotec_ros2 -DCMAKE_INSTALL_PREFIX=/home/barbe/ws_develop/viproHEAD5_viscotec_ros2/install/viprohead_viscotec_ros2
