[35m[1mConsolidate compiler generated dependencies of target viprohead_viscotec_ros2[0m
[ 33%] [32mBuilding CXX object CMakeFiles/viprohead_viscotec_ros2.dir/controllers/gpio_controller.cpp.o[0m
[ 66%] [32m[1mLinking CXX shared library libviprohead_viscotec_ros2.so[0m
[100%] Built target viprohead_viscotec_ros2
-- Install configuration: ""
-- Installing: /home/barbe/ws_develop/viproHEAD5_viscotec_ros2/install/viprohead_viscotec_ros2/share/viprohead_viscotec_ros2/viprohead_viscotec_ros2.xml
-- Up-to-date: /home/barbe/ws_develop/viproHEAD5_viscotec_ros2/install/viprohead_viscotec_ros2/share/viprohead_viscotec_ros2/viprohead_viscotec_ros2.xml
-- Installing: /home/barbe/ws_develop/viproHEAD5_viscotec_ros2/install/viprohead_viscotec_ros2/include/viprohead_viscotec_ros2
-- Installing: /home/barbe/ws_develop/viproHEAD5_viscotec_ros2/install/viprohead_viscotec_ros2/include/viprohead_viscotec_ros2/viprohead_viscotec_ros2
-- Installing: /home/barbe/ws_develop/viproHEAD5_viscotec_ros2/install/viprohead_viscotec_ros2/include/viprohead_viscotec_ros2/viprohead_viscotec_ros2/extruder.hpp
-- Installing: /home/barbe/ws_develop/viproHEAD5_viscotec_ros2/install/viprohead_viscotec_ros2/include/viprohead_viscotec_ros2/viprohead_viscotec_ros2/visibility_control.h
-- Up-to-date: /home/barbe/ws_develop/viproHEAD5_viscotec_ros2/install/viprohead_viscotec_ros2/include/viprohead_viscotec_ros2
-- Up-to-date: /home/barbe/ws_develop/viproHEAD5_viscotec_ros2/install/viprohead_viscotec_ros2/include/viprohead_viscotec_ros2/viprohead_viscotec_ros2
-- Installing: /home/barbe/ws_develop/viproHEAD5_viscotec_ros2/install/viprohead_viscotec_ros2/include/viprohead_viscotec_ros2/viprohead_viscotec_ros2/gpio_controller.hpp
-- Installing: /home/barbe/ws_develop/viproHEAD5_viscotec_ros2/install/viprohead_viscotec_ros2/share/viprohead_viscotec_ros2/launch
-- Installing: /home/barbe/ws_develop/viproHEAD5_viscotec_ros2/install/viprohead_viscotec_ros2/share/viprohead_viscotec_ros2/launch/extruder.launch.py
-- Installing: /home/barbe/ws_develop/viproHEAD5_viscotec_ros2/install/viprohead_viscotec_ros2/share/viprohead_viscotec_ros2/ros2_control
-- Installing: /home/barbe/ws_develop/viproHEAD5_viscotec_ros2/install/viprohead_viscotec_ros2/share/viprohead_viscotec_ros2/ros2_control/extruder.ros2_control.xacro
-- Installing: /home/barbe/ws_develop/viproHEAD5_viscotec_ros2/install/viprohead_viscotec_ros2/share/viprohead_viscotec_ros2/ros2_control/extruder.ros2_control.xacro.copy
-- Installing: /home/barbe/ws_develop/viproHEAD5_viscotec_ros2/install/viprohead_viscotec_ros2/share/viprohead_viscotec_ros2/urdf
-- Installing: /home/barbe/ws_develop/viproHEAD5_viscotec_ros2/install/viprohead_viscotec_ros2/share/viprohead_viscotec_ros2/urdf/extruder.urdf.xacro
-- Up-to-date: /home/barbe/ws_develop/viproHEAD5_viscotec_ros2/install/viprohead_viscotec_ros2/share/viprohead_viscotec_ros2/launch
-- Installing: /home/barbe/ws_develop/viproHEAD5_viscotec_ros2/install/viprohead_viscotec_ros2/share/viprohead_viscotec_ros2/launch/test_forward_position_controller.launch.py
-- Up-to-date: /home/barbe/ws_develop/viproHEAD5_viscotec_ros2/install/viprohead_viscotec_ros2/share/viprohead_viscotec_ros2/launch/extruder.launch.py
-- Installing: /home/barbe/ws_develop/viproHEAD5_viscotec_ros2/install/viprohead_viscotec_ros2/share/viprohead_viscotec_ros2/config
-- Installing: /home/barbe/ws_develop/viproHEAD5_viscotec_ros2/install/viprohead_viscotec_ros2/share/viprohead_viscotec_ros2/config/extruder_forward_position_publisher.yaml
-- Installing: /home/barbe/ws_develop/viproHEAD5_viscotec_ros2/install/viprohead_viscotec_ros2/share/viprohead_viscotec_ros2/config/extruder_controllers.yaml
-- Installing: /home/barbe/ws_develop/viproHEAD5_viscotec_ros2/install/viprohead_viscotec_ros2/lib/libviprohead_viscotec_ros2.so
-- Set runtime path of "/home/barbe/ws_develop/viproHEAD5_viscotec_ros2/install/viprohead_viscotec_ros2/lib/libviprohead_viscotec_ros2.so" to ""
-- Installing: /home/barbe/ws_develop/viproHEAD5_viscotec_ros2/install/viprohead_viscotec_ros2/share/viprohead_viscotec_ros2/environment/library_path.sh
-- Installing: /home/barbe/ws_develop/viproHEAD5_viscotec_ros2/install/viprohead_viscotec_ros2/share/viprohead_viscotec_ros2/environment/library_path.dsv
-- Installing: /home/barbe/ws_develop/viproHEAD5_viscotec_ros2/install/viprohead_viscotec_ros2/share/ament_index/resource_index/package_run_dependencies/viprohead_viscotec_ros2
-- Installing: /home/barbe/ws_develop/viproHEAD5_viscotec_ros2/install/viprohead_viscotec_ros2/share/ament_index/resource_index/parent_prefix_path/viprohead_viscotec_ros2
-- Installing: /home/barbe/ws_develop/viproHEAD5_viscotec_ros2/install/viprohead_viscotec_ros2/share/viprohead_viscotec_ros2/environment/ament_prefix_path.sh
-- Installing: /home/barbe/ws_develop/viproHEAD5_viscotec_ros2/install/viprohead_viscotec_ros2/share/viprohead_viscotec_ros2/environment/ament_prefix_path.dsv
-- Installing: /home/barbe/ws_develop/viproHEAD5_viscotec_ros2/install/viprohead_viscotec_ros2/share/viprohead_viscotec_ros2/environment/path.sh
-- Installing: /home/barbe/ws_develop/viproHEAD5_viscotec_ros2/install/viprohead_viscotec_ros2/share/viprohead_viscotec_ros2/environment/path.dsv
-- Installing: /home/barbe/ws_develop/viproHEAD5_viscotec_ros2/install/viprohead_viscotec_ros2/share/viprohead_viscotec_ros2/local_setup.bash
-- Installing: /home/barbe/ws_develop/viproHEAD5_viscotec_ros2/install/viprohead_viscotec_ros2/share/viprohead_viscotec_ros2/local_setup.sh
-- Installing: /home/barbe/ws_develop/viproHEAD5_viscotec_ros2/install/viprohead_viscotec_ros2/share/viprohead_viscotec_ros2/local_setup.zsh
-- Installing: /home/barbe/ws_develop/viproHEAD5_viscotec_ros2/install/viprohead_viscotec_ros2/share/viprohead_viscotec_ros2/local_setup.dsv
-- Installing: /home/barbe/ws_develop/viproHEAD5_viscotec_ros2/install/viprohead_viscotec_ros2/share/viprohead_viscotec_ros2/package.dsv
-- Installing: /home/barbe/ws_develop/viproHEAD5_viscotec_ros2/install/viprohead_viscotec_ros2/share/ament_index/resource_index/packages/viprohead_viscotec_ros2
-- Installing: /home/barbe/ws_develop/viproHEAD5_viscotec_ros2/install/viprohead_viscotec_ros2/share/ament_index/resource_index/hardware_interface__pluginlib__plugin/viprohead_viscotec_ros2
-- Installing: /home/barbe/ws_develop/viproHEAD5_viscotec_ros2/install/viprohead_viscotec_ros2/share/ament_index/resource_index/controller_interface__pluginlib__plugin/viprohead_viscotec_ros2
-- Installing: /home/barbe/ws_develop/viproHEAD5_viscotec_ros2/install/viprohead_viscotec_ros2/share/viprohead_viscotec_ros2/cmake/viprohead_viscotec_ros2Export.cmake
-- Installing: /home/barbe/ws_develop/viproHEAD5_viscotec_ros2/install/viprohead_viscotec_ros2/share/viprohead_viscotec_ros2/cmake/viprohead_viscotec_ros2Export-noconfig.cmake
-- Installing: /home/barbe/ws_develop/viproHEAD5_viscotec_ros2/install/viprohead_viscotec_ros2/share/viprohead_viscotec_ros2/cmake/ament_cmake_export_targets-extras.cmake
-- Installing: /home/barbe/ws_develop/viproHEAD5_viscotec_ros2/install/viprohead_viscotec_ros2/share/viprohead_viscotec_ros2/cmake/ament_cmake_export_dependencies-extras.cmake
-- Installing: /home/barbe/ws_develop/viproHEAD5_viscotec_ros2/install/viprohead_viscotec_ros2/share/viprohead_viscotec_ros2/cmake/viprohead_viscotec_ros2Config.cmake
-- Installing: /home/barbe/ws_develop/viproHEAD5_viscotec_ros2/install/viprohead_viscotec_ros2/share/viprohead_viscotec_ros2/cmake/viprohead_viscotec_ros2Config-version.cmake
-- Installing: /home/barbe/ws_develop/viproHEAD5_viscotec_ros2/install/viprohead_viscotec_ros2/share/viprohead_viscotec_ros2/package.xml
