[0.111s] Invoking command in '/home/barbe/ws_develop/viproHEAD5_viscotec_ros2/build/viprohead_viscotec_ros2': /usr/bin/cmake /home/barbe/ws_develop/viproHEAD5_viscotec_ros2 -DCMAKE_INSTALL_PREFIX=/home/barbe/ws_develop/viproHEAD5_viscotec_ros2/install/viprohead_viscotec_ros2
[0.284s] -- The CXX compiler identification is GNU 11.4.0
[0.299s] -- Detecting CXX compiler ABI info
[0.460s] -- Detecting CXX compiler ABI info - done
[0.474s] -- Check for working CXX compiler: /usr/bin/c++ - skipped
[0.475s] -- Detecting CXX compile features
[0.476s] -- Detecting CXX compile features - done
[0.488s] -- Found ament_cmake: 1.3.8 (/opt/ros/humble/share/ament_cmake/cmake)
[0.766s] -- Found Python3: /usr/bin/python3 (found version "3.10.12") found components: Interpreter 
[1.001s] -- Found hardware_interface: 2.40.0 (/opt/ros/humble/share/hardware_interface/cmake)
[1.133s] -- Found rosidl_generator_c: 3.1.5 (/opt/ros/humble/share/rosidl_generator_c/cmake)
[1.156s] -- Found rosidl_adapter: 3.1.5 (/opt/ros/humble/share/rosidl_adapter/cmake)
[1.180s] -- Found rosidl_generator_cpp: 3.1.5 (/opt/ros/humble/share/rosidl_generator_cpp/cmake)
[1.211s] -- Using all available rosidl_typesupport_c: rosidl_typesupport_fastrtps_c;rosidl_typesupport_introspection_c
[1.265s] -- Using all available rosidl_typesupport_cpp: rosidl_typesupport_fastrtps_cpp;rosidl_typesupport_introspection_cpp
[2.298s] -- Found rmw_implementation_cmake: 6.1.1 (/opt/ros/humble/share/rmw_implementation_cmake/cmake)
[2.309s] -- Found rmw_fastrtps_cpp: 6.2.6 (/opt/ros/humble/share/rmw_fastrtps_cpp/cmake)
[2.399s] -- Found TinyXML2 via Config file: TinyXML2_DIR-NOTFOUND
[2.490s] -- Found OpenSSL: /usr/lib/x86_64-linux-gnu/libcrypto.so (found version "3.0.2")  
[2.494s] -- Found TinyXML2 via Config file: TinyXML2_DIR-NOTFOUND
[2.517s] -- Found FastRTPS: /opt/ros/humble/include  
[2.531s] -- Found TinyXML2 via Config file: TinyXML2_DIR-NOTFOUND
[2.547s] -- Found TinyXML2 via Config file: TinyXML2_DIR-NOTFOUND
[2.568s] -- Using RMW implementation 'rmw_fastrtps_cpp' as default
[2.598s] -- Looking for C++ include pthread.h
[2.729s] -- Looking for C++ include pthread.h - found
[2.729s] -- Performing Test CMAKE_HAVE_LIBC_PTHREAD
[2.872s] -- Performing Test CMAKE_HAVE_LIBC_PTHREAD - Success
[2.874s] -- Found Threads: TRUE  
[3.146s] -- Found controller_interface: 2.40.0 (/opt/ros/humble/share/controller_interface/cmake)
[3.266s] [31mCMake Error at CMakeLists.txt:33 (target_compile_features):
[3.266s]   Cannot specify compile features for target "viprohead_viscotec_ros2" which
[3.266s]   is not built by this project.
[3.266s] 
[3.267s] [0m
[3.267s] [31mCMake Error at CMakeLists.txt:34 (target_include_directories):
[3.267s]   Cannot specify include directories for target "viprohead_viscotec_ros2"
[3.267s]   which is not built by this project.
[3.267s] 
[3.267s] [0m
[3.267s] [31mCMake Error at /opt/ros/humble/share/ament_cmake_target_dependencies/cmake/ament_target_dependencies.cmake:42 (message):
[3.267s]   ament_target_dependencies() the first argument must be a valid target name
[3.267s] Call Stack (most recent call first):
[3.267s]   CMakeLists.txt:39 (ament_target_dependencies)
[3.267s] 
[3.268s] [0m
[3.268s] -- Configuring incomplete, errors occurred!
[3.268s] See also "/home/barbe/ws_develop/viproHEAD5_viscotec_ros2/build/viprohead_viscotec_ros2/CMakeFiles/CMakeOutput.log".
[3.276s] Invoked command in '/home/barbe/ws_develop/viproHEAD5_viscotec_ros2/build/viprohead_viscotec_ros2' returned '1': /usr/bin/cmake /home/barbe/ws_develop/viproHEAD5_viscotec_ros2 -DCMAKE_INSTALL_PREFIX=/home/barbe/ws_develop/viproHEAD5_viscotec_ros2/install/viprohead_viscotec_ros2
