[0.127s] Invoking command in '/home/barbe/ws_develop/viproHEAD5_viscotec_ros2/build/viprohead_viscotec_ros2': /usr/bin/cmake /home/barbe/ws_develop/viproHEAD5_viscotec_ros2 -DCMAKE_INSTALL_PREFIX=/home/barbe/ws_develop/viproHEAD5_viscotec_ros2/install/viprohead_viscotec_ros2
[0.155s] -- Found ament_cmake: 1.3.8 (/opt/ros/humble/share/ament_cmake/cmake)
[0.357s] -- Found hardware_interface: 2.40.0 (/opt/ros/humble/share/hardware_interface/cmake)
[0.394s] -- Found rosidl_generator_c: 3.1.5 (/opt/ros/humble/share/rosidl_generator_c/cmake)
[0.397s] -- Found rosidl_adapter: 3.1.5 (/opt/ros/humble/share/rosidl_adapter/cmake)
[0.405s] -- Found rosidl_generator_cpp: 3.1.5 (/opt/ros/humble/share/rosidl_generator_cpp/cmake)
[0.424s] -- Using all available rosidl_typesupport_c: rosidl_typesupport_fastrtps_c;rosidl_typesupport_introspection_c
[0.451s] -- Using all available rosidl_typesupport_cpp: rosidl_typesupport_fastrtps_cpp;rosidl_typesupport_introspection_cpp
[1.301s] -- Found rmw_implementation_cmake: 6.1.1 (/opt/ros/humble/share/rmw_implementation_cmake/cmake)
[1.306s] -- Found rmw_fastrtps_cpp: 6.2.6 (/opt/ros/humble/share/rmw_fastrtps_cpp/cmake)
[1.357s] -- Found TinyXML2 via Config file: TinyXML2_DIR-NOTFOUND
[1.370s] -- Found TinyXML2 via Config file: TinyXML2_DIR-NOTFOUND
[1.400s] -- Found TinyXML2 via Config file: TinyXML2_DIR-NOTFOUND
[1.411s] -- Found TinyXML2 via Config file: TinyXML2_DIR-NOTFOUND
[1.433s] -- Using RMW implementation 'rmw_fastrtps_cpp' as default
[1.652s] -- Found controller_interface: 2.40.0 (/opt/ros/humble/share/controller_interface/cmake)
[2.101s] -- Found ament_cmake_pytest: 1.3.8 (/opt/ros/humble/share/ament_cmake_pytest/cmake)
[3.044s] Error parsing '/home/barbe/ws_develop/viproHEAD5_viscotec_ros2/package.xml':
[3.100s] Traceback (most recent call last):
[3.100s]   File "/opt/ros/humble/share/ament_cmake_core/cmake/core/package_xml_2_cmake.py", line 150, in <module>
[3.100s]     main()
[3.100s]   File "/opt/ros/humble/share/ament_cmake_core/cmake/core/package_xml_2_cmake.py", line 53, in main
[3.100s]     raise e
[3.100s]   File "/opt/ros/humble/share/ament_cmake_core/cmake/core/package_xml_2_cmake.py", line 49, in main
[3.100s]     package = parse_package_string(
[3.101s]   File "/usr/lib/python3/dist-packages/catkin_pkg/package.py", line 788, in parse_package_string
[3.101s]     pkg.validate(warnings=warnings)
[3.101s]   File "/usr/lib/python3/dist-packages/catkin_pkg/package.py", line 330, in validate
[3.101s]     raise InvalidPackage('\n'.join(errors), self.filename)
[3.101s] catkin_pkg.package.InvalidPackage: Error(s) in package '/home/barbe/ws_develop/viproHEAD5_viscotec_ros2/package.xml':
[3.101s] Package 'viprohead_viscotec_ros2' must declare at least one maintainer
[3.120s] [31mCMake Error at /opt/ros/humble/share/ament_cmake_core/cmake/core/ament_package_xml.cmake:95 (message):
[3.120s]   execute_process(/usr/bin/python3
[3.120s]   /opt/ros/humble/share/ament_cmake_core/cmake/core/package_xml_2_cmake.py
[3.120s]   /home/barbe/ws_develop/viproHEAD5_viscotec_ros2/package.xml
[3.120s]   /home/barbe/ws_develop/viproHEAD5_viscotec_ros2/build/viprohead_viscotec_ros2/ament_cmake_core/package.cmake)
[3.121s]   returned error code 1
[3.121s] Call Stack (most recent call first):
[3.121s]   /opt/ros/humble/share/ament_cmake_core/cmake/core/ament_package_xml.cmake:49 (_ament_package_xml)
[3.121s]   /opt/ros/humble/share/ament_cmake_core/cmake/core/ament_package.cmake:63 (ament_package_xml)
[3.121s]   CMakeLists.txt:87 (ament_package)
[3.121s] 
[3.121s] [0m
[3.121s] -- Configuring incomplete, errors occurred!
[3.121s] See also "/home/barbe/ws_develop/viproHEAD5_viscotec_ros2/build/viprohead_viscotec_ros2/CMakeFiles/CMakeOutput.log".
[3.132s] Invoked command in '/home/barbe/ws_develop/viproHEAD5_viscotec_ros2/build/viprohead_viscotec_ros2' returned '1': /usr/bin/cmake /home/barbe/ws_develop/viproHEAD5_viscotec_ros2 -DCMAKE_INSTALL_PREFIX=/home/barbe/ws_develop/viproHEAD5_viscotec_ros2/install/viprohead_viscotec_ros2
