[0.166s] Invoking command in '/home/barbe/ws_develop/viproHEAD5_viscotec_ros2/build/viproHEAD5_viscotec_ros2': /usr/bin/cmake /home/barbe/ws_develop/viproHEAD5_viscotec_ros2 -DCMAKE_INSTALL_PREFIX=/home/barbe/ws_develop/viproHEAD5_viscotec_ros2/install/viproHEAD5_viscotec_ros2
[0.300s] -- The CXX compiler identification is GNU 11.4.0
[0.314s] -- Detecting CXX compiler ABI info
[0.453s] -- Detecting CXX compiler ABI info - done
[0.465s] -- Check for working CXX compiler: /usr/bin/c++ - skipped
[0.466s] -- Detecting CXX compile features
[0.466s] -- Detecting CXX compile features - done
[0.477s] -- Found ament_cmake: 1.3.8 (/opt/ros/humble/share/ament_cmake/cmake)
[0.768s] -- Found Python3: /usr/bin/python3 (found version "3.10.12") found components: Interpreter 
[1.038s] -- Found hardware_interface: 2.40.0 (/opt/ros/humble/share/hardware_interface/cmake)
[1.197s] -- Found rosidl_generator_c: 3.1.5 (/opt/ros/humble/share/rosidl_generator_c/cmake)
[1.220s] -- Found rosidl_adapter: 3.1.5 (/opt/ros/humble/share/rosidl_adapter/cmake)
[1.256s] -- Found rosidl_generator_cpp: 3.1.5 (/opt/ros/humble/share/rosidl_generator_cpp/cmake)
[1.298s] -- Using all available rosidl_typesupport_c: rosidl_typesupport_fastrtps_c;rosidl_typesupport_introspection_c
[1.361s] -- Using all available rosidl_typesupport_cpp: rosidl_typesupport_fastrtps_cpp;rosidl_typesupport_introspection_cpp
[2.589s] -- Found rmw_implementation_cmake: 6.1.1 (/opt/ros/humble/share/rmw_implementation_cmake/cmake)
[2.602s] -- Found rmw_fastrtps_cpp: 6.2.6 (/opt/ros/humble/share/rmw_fastrtps_cpp/cmake)
[2.700s] -- Found TinyXML2 via Config file: TinyXML2_DIR-NOTFOUND
[2.799s] -- Found OpenSSL: /usr/lib/x86_64-linux-gnu/libcrypto.so (found version "3.0.2")  
[2.805s] -- Found TinyXML2 via Config file: TinyXML2_DIR-NOTFOUND
[2.834s] -- Found FastRTPS: /opt/ros/humble/include  
[2.850s] -- Found TinyXML2 via Config file: TinyXML2_DIR-NOTFOUND
[2.863s] -- Found TinyXML2 via Config file: TinyXML2_DIR-NOTFOUND
[2.881s] -- Using RMW implementation 'rmw_fastrtps_cpp' as default
[2.916s] -- Looking for C++ include pthread.h
[3.071s] -- Looking for C++ include pthread.h - found
[3.071s] -- Performing Test CMAKE_HAVE_LIBC_PTHREAD
[3.235s] -- Performing Test CMAKE_HAVE_LIBC_PTHREAD - Success
[3.237s] -- Found Threads: TRUE  
[3.580s] -- Found controller_interface: 2.40.0 (/opt/ros/humble/share/controller_interface/cmake)
[4.118s] [31mCMake Error at /opt/ros/humble/share/pluginlib/cmake/pluginlib_export_plugin_description_file.cmake:84 (message):
[4.118s]   Given plugin description file
[4.118s]   '/home/barbe/ws_develop/viproHEAD5_viscotec_ros2/viproHEAD5_viscotec_ros2.xml'
[4.118s]   does not exist
[4.118s] Call Stack (most recent call first):
[4.118s]   CMakeLists.txt:49 (pluginlib_export_plugin_description_file)
[4.118s] 
[4.118s] [0m
[4.118s] -- Configuring incomplete, errors occurred!
[4.118s] See also "/home/barbe/ws_develop/viproHEAD5_viscotec_ros2/build/viproHEAD5_viscotec_ros2/CMakeFiles/CMakeOutput.log".
[4.129s] Invoked command in '/home/barbe/ws_develop/viproHEAD5_viscotec_ros2/build/viproHEAD5_viscotec_ros2' returned '1': /usr/bin/cmake /home/barbe/ws_develop/viproHEAD5_viscotec_ros2 -DCMAKE_INSTALL_PREFIX=/home/barbe/ws_develop/viproHEAD5_viscotec_ros2/install/viproHEAD5_viscotec_ros2
