[1.440s] DEBUG:colcon:Command line arguments: ['/usr/bin/colcon', 'build']
[1.440s] DEBUG:colcon:Parsed command line arguments: Namespace(log_base=None, log_level=None, verb_name='build', build_base='build', install_base='install', merge_install=False, symlink_install=False, test_result_base=None, continue_on_error=False, executor='parallel', parallel_workers=20, event_handlers=None, ignore_user_meta=False, metas=['./colcon.meta'], base_paths=['.'], packages_ignore=None, packages_ignore_regex=None, paths=None, packages_up_to=None, packages_up_to_regex=None, packages_above=None, packages_above_and_dependencies=None, packages_above_depth=None, packages_select_by_dep=None, packages_skip_by_dep=None, packages_skip_up_to=None, packages_select_build_failed=False, packages_skip_build_finished=False, packages_select_test_failures=False, packages_skip_test_passed=False, packages_select=None, packages_skip=None, packages_select_regex=None, packages_skip_regex=None, packages_start=None, packages_end=None, allow_overriding=[], cmake_args=None, cmake_target=None, cmake_target_skip_unavailable=False, cmake_clean_cache=False, cmake_clean_first=False, cmake_force_configure=False, ament_cmake_args=None, catkin_cmake_args=None, catkin_skip_building_tests=False, mixin_files=None, mixin=None, verb_parser=<colcon_mixin.mixin.mixin_argument.MixinArgumentDecorator object at 0x7d46ed4e4c70>, verb_extension=<colcon_core.verb.build.BuildVerb object at 0x7d46ed64d990>, main=<bound method BuildVerb.main of <colcon_core.verb.build.BuildVerb object at 0x7d46ed64d990>>, mixin_verb=('build',))
[1.506s] Level 1:colcon.colcon_core.package_discovery:discover_packages(colcon_meta) check parameters
[1.506s] Level 1:colcon.colcon_core.package_discovery:discover_packages(recursive) check parameters
[1.506s] Level 1:colcon.colcon_core.package_discovery:discover_packages(ignore) check parameters
[1.506s] Level 1:colcon.colcon_core.package_discovery:discover_packages(path) check parameters
[1.506s] Level 1:colcon.colcon_core.package_discovery:discover_packages(colcon_meta) discover
[1.506s] Level 1:colcon.colcon_core.package_discovery:discover_packages(recursive) discover
[1.506s] INFO:colcon.colcon_core.package_discovery:Crawling recursively for packages in '/home/barbe/ws_develop/viproHEAD5_viscotec_ros2'
[1.506s] Level 1:colcon.colcon_core.package_identification:_identify(.) by extensions ['ignore', 'ignore_ament_install']
[1.506s] Level 1:colcon.colcon_core.package_identification:_identify(.) by extension 'ignore'
[1.507s] Level 1:colcon.colcon_core.package_identification:_identify(.) by extension 'ignore_ament_install'
[1.507s] Level 1:colcon.colcon_core.package_identification:_identify(.) by extensions ['colcon_pkg']
[1.507s] Level 1:colcon.colcon_core.package_identification:_identify(.) by extension 'colcon_pkg'
[1.507s] Level 1:colcon.colcon_core.package_identification:_identify(.) by extensions ['colcon_meta']
[1.507s] Level 1:colcon.colcon_core.package_identification:_identify(.) by extension 'colcon_meta'
[1.507s] Level 1:colcon.colcon_core.package_identification:_identify(.) by extensions ['ros']
[1.507s] Level 1:colcon.colcon_core.package_identification:_identify(.) by extension 'ros'
[1.545s] DEBUG:colcon.colcon_core.package_identification:Found ROS schema reference in package manifest in '.'
[1.545s] WARNING:colcon.colcon_core.package_identification:Failed to parse ROS package manifest in '.': Error(s) in package './package.xml':
Package 'viproHEAD5_viscotec_ros2' must declare at least one maintainer
[1.545s] Level 1:colcon.colcon_core.package_identification:_identify(.) by extensions ['cmake', 'python']
[1.545s] Level 1:colcon.colcon_core.package_identification:_identify(.) by extension 'cmake'
[1.548s] Level 1:colcon.colcon_core.package_identification:_identify(.) by extension 'python'
[1.548s] DEBUG:colcon.colcon_core.package_identification:Package '.' with type 'cmake' and name 'viproHEAD5_viscotec_ros2'
[1.548s] Level 1:colcon.colcon_core.package_discovery:discover_packages(recursive) using defaults
[1.548s] Level 1:colcon.colcon_core.package_discovery:discover_packages(ignore) discover
[1.548s] Level 1:colcon.colcon_core.package_discovery:discover_packages(ignore) using defaults
[1.548s] Level 1:colcon.colcon_core.package_discovery:discover_packages(path) discover
[1.548s] Level 1:colcon.colcon_core.package_discovery:discover_packages(path) using defaults
[1.682s] Level 1:colcon.colcon_core.package_discovery:discover_packages(prefix_path) check parameters
[1.682s] Level 1:colcon.colcon_core.package_discovery:discover_packages(prefix_path) discover
[1.698s] WARNING:colcon.colcon_core.prefix_path.colcon:The path '/home/barbe/ws_develop/viprohead5_viscotec_ros2/install' in the environment variable COLCON_PREFIX_PATH doesn't exist
[1.698s] WARNING:colcon.colcon_ros.prefix_path.ament:The path '/home/barbe/ws_develop/viprohead5_viscotec_ros2/install/viprohead5_viscotec_ros2' in the environment variable AMENT_PREFIX_PATH doesn't exist
[1.700s] WARNING:colcon.colcon_ros.prefix_path.catkin:The path '/home/barbe/ws_develop/viprohead5_viscotec_ros2/install/viprohead5_viscotec_ros2' in the environment variable CMAKE_PREFIX_PATH doesn't exist
[1.720s] DEBUG:colcon.colcon_installed_package_information.package_discovery:Found 55 installed packages in /home/barbe/ws_moveit2/install
[1.744s] DEBUG:colcon.colcon_installed_package_information.package_discovery:Found 370 installed packages in /opt/ros/humble
[1.749s] Level 1:colcon.colcon_core.package_discovery:discover_packages(prefix_path) using defaults
[1.879s] Level 5:colcon.colcon_core.verb:set package 'viproHEAD5_viscotec_ros2' build argument 'cmake_args' from command line to 'None'
[1.879s] Level 5:colcon.colcon_core.verb:set package 'viproHEAD5_viscotec_ros2' build argument 'cmake_target' from command line to 'None'
[1.879s] Level 5:colcon.colcon_core.verb:set package 'viproHEAD5_viscotec_ros2' build argument 'cmake_target_skip_unavailable' from command line to 'False'
[1.879s] Level 5:colcon.colcon_core.verb:set package 'viproHEAD5_viscotec_ros2' build argument 'cmake_clean_cache' from command line to 'False'
[1.879s] Level 5:colcon.colcon_core.verb:set package 'viproHEAD5_viscotec_ros2' build argument 'cmake_clean_first' from command line to 'False'
[1.879s] Level 5:colcon.colcon_core.verb:set package 'viproHEAD5_viscotec_ros2' build argument 'cmake_force_configure' from command line to 'False'
[1.879s] Level 5:colcon.colcon_core.verb:set package 'viproHEAD5_viscotec_ros2' build argument 'ament_cmake_args' from command line to 'None'
[1.879s] Level 5:colcon.colcon_core.verb:set package 'viproHEAD5_viscotec_ros2' build argument 'catkin_cmake_args' from command line to 'None'
[1.879s] Level 5:colcon.colcon_core.verb:set package 'viproHEAD5_viscotec_ros2' build argument 'catkin_skip_building_tests' from command line to 'False'
[1.879s] DEBUG:colcon.colcon_core.verb:Building package 'viproHEAD5_viscotec_ros2' with the following arguments: {'ament_cmake_args': None, 'build_base': '/home/barbe/ws_develop/viproHEAD5_viscotec_ros2/build/viproHEAD5_viscotec_ros2', 'catkin_cmake_args': None, 'catkin_skip_building_tests': False, 'cmake_args': None, 'cmake_clean_cache': False, 'cmake_clean_first': False, 'cmake_force_configure': False, 'cmake_target': None, 'cmake_target_skip_unavailable': False, 'install_base': '/home/barbe/ws_develop/viproHEAD5_viscotec_ros2/install/viproHEAD5_viscotec_ros2', 'merge_install': False, 'path': '/home/barbe/ws_develop/viproHEAD5_viscotec_ros2', 'symlink_install': False, 'test_result_base': None}
[1.894s] INFO:colcon.colcon_core.executor:Executing jobs using 'parallel' executor
[1.910s] DEBUG:colcon.colcon_parallel_executor.executor.parallel:run_until_complete
[1.910s] INFO:colcon.colcon_cmake.task.cmake.build:Building CMake package in '/home/barbe/ws_develop/viproHEAD5_viscotec_ros2'
[1.928s] INFO:colcon.colcon_core.plugin_system:Skipping extension 'colcon_core.shell.bat': Not used on non-Windows systems
[1.928s] INFO:colcon.colcon_core.shell:Skip shell extension 'powershell' for command environment: Not usable outside of PowerShell
[1.928s] DEBUG:colcon.colcon_core.shell:Skip shell extension 'dsv' for command environment
[2.077s] DEBUG:colcon.colcon_core.event_handler.log_command:Invoking command in '/home/barbe/ws_develop/viproHEAD5_viscotec_ros2/build/viproHEAD5_viscotec_ros2': /usr/bin/cmake /home/barbe/ws_develop/viproHEAD5_viscotec_ros2 -DCMAKE_INSTALL_PREFIX=/home/barbe/ws_develop/viproHEAD5_viscotec_ros2/install/viproHEAD5_viscotec_ros2
[6.039s] DEBUG:colcon.colcon_core.event_handler.log_command:Invoked command in '/home/barbe/ws_develop/viproHEAD5_viscotec_ros2/build/viproHEAD5_viscotec_ros2' returned '1': /usr/bin/cmake /home/barbe/ws_develop/viproHEAD5_viscotec_ros2 -DCMAKE_INSTALL_PREFIX=/home/barbe/ws_develop/viproHEAD5_viscotec_ros2/install/viproHEAD5_viscotec_ros2
[6.050s] DEBUG:colcon.colcon_parallel_executor.executor.parallel:closing loop
[6.050s] DEBUG:colcon.colcon_parallel_executor.executor.parallel:loop closed
[6.050s] DEBUG:colcon.colcon_parallel_executor.executor.parallel:run_until_complete finished with '1'
[6.051s] DEBUG:colcon.colcon_core.event_reactor:joining thread
[6.082s] INFO:colcon.colcon_core.plugin_system:Skipping extension 'colcon_notification.desktop_notification.terminal_notifier': Not used on non-Darwin systems
[6.083s] INFO:colcon.colcon_core.plugin_system:Skipping extension 'colcon_notification.desktop_notification.win32': Not used on non-Windows systems
[6.083s] INFO:colcon.colcon_notification.desktop_notification:Sending desktop notification using 'notify2'
[6.102s] DEBUG:colcon.colcon_core.event_reactor:joined thread
[6.128s] INFO:colcon.colcon_core.shell:Creating prefix script '/home/barbe/ws_develop/viproHEAD5_viscotec_ros2/install/local_setup.ps1'
[6.130s] INFO:colcon.colcon_core.shell:Creating prefix util module '/home/barbe/ws_develop/viproHEAD5_viscotec_ros2/install/_local_setup_util_ps1.py'
[6.132s] INFO:colcon.colcon_core.shell:Creating prefix chain script '/home/barbe/ws_develop/viproHEAD5_viscotec_ros2/install/setup.ps1'
[6.168s] INFO:colcon.colcon_core.shell:Creating prefix script '/home/barbe/ws_develop/viproHEAD5_viscotec_ros2/install/local_setup.sh'
[6.169s] INFO:colcon.colcon_core.shell:Creating prefix util module '/home/barbe/ws_develop/viproHEAD5_viscotec_ros2/install/_local_setup_util_sh.py'
[6.170s] INFO:colcon.colcon_core.shell:Creating prefix chain script '/home/barbe/ws_develop/viproHEAD5_viscotec_ros2/install/setup.sh'
[6.196s] INFO:colcon.colcon_core.shell:Creating prefix script '/home/barbe/ws_develop/viproHEAD5_viscotec_ros2/install/local_setup.bash'
[6.197s] INFO:colcon.colcon_core.shell:Creating prefix chain script '/home/barbe/ws_develop/viproHEAD5_viscotec_ros2/install/setup.bash'
[6.220s] INFO:colcon.colcon_core.shell:Creating prefix script '/home/barbe/ws_develop/viproHEAD5_viscotec_ros2/install/local_setup.zsh'
[6.221s] INFO:colcon.colcon_core.shell:Creating prefix chain script '/home/barbe/ws_develop/viproHEAD5_viscotec_ros2/install/setup.zsh'
